2009-05-04 16:35:31,943 [main] INFO  org.quartz.core.SchedulerSignalerImpl - Initialized Scheduler Signaller of type: class org.quartz.core.SchedulerSignalerImpl
2009-05-04 16:35:31,944 [main] INFO  org.quartz.core.QuartzScheduler - Quartz Scheduler v.1.6.1-RC3 created.
2009-05-04 16:35:31,947 [main] INFO  org.quartz.simpl.RAMJobStore - RAMJobStore initialized.
2009-05-04 16:35:31,949 [main] INFO  org.quartz.impl.DirectSchedulerFactory - Quartz scheduler 'SimpleQuartzScheduler
2009-05-04 16:35:31,949 [main] INFO  org.quartz.impl.DirectSchedulerFactory - Quartz scheduler version: 1.6.1-RC3
2009-05-04 16:35:31,949 [main] INFO  org.quartz.core.QuartzScheduler - Scheduler SimpleQuartzScheduler_$_SIMPLE_NON_CLUSTERED started.
2009-05-04 16:35:32,242 [main] INFO  scheduler.SchedulerService - enabled=true
2009-05-04 16:35:32,243 [main] INFO  scheduler.SchedulerService - time isMon May 04 16:35:32 EST 2009
2009-05-04 16:35:32,243 [main] INFO  scheduler.SchedulerService - description=At 2:0 on the 4th, 1st of JAN,MAR
2009-05-04 16:35:32,243 [main] INFO  scheduler.SchedulerService - no beginjobat
2009-05-04 16:35:32,243 [main] INFO  scheduler.SchedulerService - scheduling the job
2009-05-04 16:35:32,258 [main] INFO  scheduler.SchedulerService - setting description: At 2:0 on the 4th, 1st of JAN,MAR
2009-05-04 16:35:32,260 [main] INFO  scheduler.SchedulerService - creating trigger: id=0 |group=1003 |cron=0 0 2 4,1 JAN,MAR ? *
2009-05-04 16:35:32,271 [main] INFO  scheduler.SchedulerService - Job with id=1003 and 1 crons scheduled successfully
2009-05-04 16:35:32,272 [main] INFO  org.quartz.core.QuartzScheduler - Scheduler SimpleQuartzScheduler_$_SIMPLE_NON_CLUSTERED shutting down.
2009-05-04 16:35:32,272 [main] INFO  org.quartz.core.QuartzScheduler - Scheduler SimpleQuartzScheduler_$_SIMPLE_NON_CLUSTERED paused.
2009-05-04 16:35:32,272 [main] INFO  org.quartz.core.QuartzScheduler - Scheduler SimpleQuartzScheduler_$_SIMPLE_NON_CLUSTERED shutdown complete.
2009-05-04 16:35:32,289 [main] INFO  org.quartz.core.SchedulerSignalerImpl - Initialized Scheduler Signaller of type: class org.quartz.core.SchedulerSignalerImpl
2009-05-04 16:35:32,289 [main] INFO  org.quartz.core.QuartzScheduler - Quartz Scheduler v.1.6.1-RC3 created.
2009-05-04 16:35:32,289 [main] INFO  org.quartz.simpl.RAMJobStore - RAMJobStore initialized.
2009-05-04 16:35:32,289 [main] INFO  org.quartz.impl.DirectSchedulerFactory - Quartz scheduler 'SimpleQuartzScheduler
2009-05-04 16:35:32,289 [main] INFO  org.quartz.impl.DirectSchedulerFactory - Quartz scheduler version: 1.6.1-RC3
2009-05-04 16:35:32,289 [main] INFO  org.quartz.core.QuartzScheduler - Scheduler SimpleQuartzScheduler_$_SIMPLE_NON_CLUSTERED started.
2009-05-04 16:35:32,294 [main] INFO  scheduler.SchedulerService - enabled=true
2009-05-04 16:35:32,294 [main] INFO  scheduler.SchedulerService - time isMon May 04 16:35:32 EST 2009
2009-05-04 16:35:32,294 [main] INFO  scheduler.SchedulerService - description=At 2:0 on the 4th, 1st of JAN,MAR
2009-05-04 16:35:32,294 [main] INFO  scheduler.SchedulerService - no beginjobat
2009-05-04 16:35:32,294 [main] INFO  scheduler.SchedulerService - scheduling the job
2009-05-04 16:35:32,294 [main] INFO  scheduler.SchedulerService - setting description: At 2:0 on the 4th, 1st of JAN,MAR
2009-05-04 16:35:32,294 [main] INFO  scheduler.SchedulerService - creating trigger: id=0 |group=1003 |cron=0 0 2 4,1 JAN,MAR ? *
2009-05-04 16:35:32,298 [main] INFO  scheduler.SchedulerService - Job with id=1003 and 1 crons scheduled successfully
2009-05-04 16:35:32,298 [main] INFO  scheduler.SchedulerService - jobid list = [1003]
2009-05-04 16:35:32,298 [main] INFO  scheduler.SchedulerService - found jobid = 1003
2009-05-04 16:35:32,310 [main] INFO  scheduler.SchedulerService - Schedule removed, id=1003
2009-05-04 16:35:32,310 [main] INFO  scheduler.SchedulerService - jobid list = [1003]
2009-05-04 16:35:32,310 [main] ERROR scheduler.SchedulerService - no Job with id 1003 found
2009-05-04 16:35:32,311 [main] ERROR scheduler.SchedulerService - unable to create the sb xml doc
java.lang.Exception: didn't find anything
	at scheduler.SchedulerService.getschedule(SchedulerService.java:67)
	at scheduler.SchedulerServiceTest.getAndDeleteScheduleTest(SchedulerServiceTest.java:94)
	at sun.reflect.NativeMethodAccessorImpl.invoke0(Native Method)
	at sun.reflect.NativeMethodAccessorImpl.invoke(NativeMethodAccessorImpl.java:39)
	at sun.reflect.DelegatingMethodAccessorImpl.invoke(DelegatingMethodAccessorImpl.java:25)
	at java.lang.reflect.Method.invoke(Method.java:585)
	at org.junit.internal.runners.TestMethod.invoke(TestMethod.java:59)
	at org.junit.internal.runners.MethodRoadie.runTestMethod(MethodRoadie.java:98)
	at org.junit.internal.runners.MethodRoadie$2.run(MethodRoadie.java:79)
	at org.junit.internal.runners.MethodRoadie.runBeforesThenTestThenAfters(MethodRoadie.java:87)
	at org.junit.internal.runners.MethodRoadie.runTest(MethodRoadie.java:77)
	at org.junit.internal.runners.MethodRoadie.run(MethodRoadie.java:42)
	at org.junit.internal.runners.JUnit4ClassRunner.invokeTestMethod(JUnit4ClassRunner.java:88)
	at org.junit.internal.runners.JUnit4ClassRunner.runMethods(JUnit4ClassRunner.java:51)
	at org.junit.internal.runners.JUnit4ClassRunner$1.run(JUnit4ClassRunner.java:44)
	at org.junit.internal.runners.ClassRoadie.runUnprotected(ClassRoadie.java:27)
	at org.junit.internal.runners.ClassRoadie.runProtected(ClassRoadie.java:37)
	at org.junit.internal.runners.JUnit4ClassRunner.run(JUnit4ClassRunner.java:42)
	at org.apache.maven.surefire.junit4.JUnit4TestSet.execute(JUnit4TestSet.java:62)
	at org.apache.maven.surefire.suite.AbstractDirectoryTestSuite.executeTestSet(AbstractDirectoryTestSuite.java:140)
	at org.apache.maven.surefire.suite.AbstractDirectoryTestSuite.execute(AbstractDirectoryTestSuite.java:127)
	at org.apache.maven.surefire.Surefire.run(Surefire.java:177)
	at sun.reflect.NativeMethodAccessorImpl.invoke0(Native Method)
	at sun.reflect.NativeMethodAccessorImpl.invoke(NativeMethodAccessorImpl.java:39)
	at sun.reflect.DelegatingMethodAccessorImpl.invoke(DelegatingMethodAccessorImpl.java:25)
	at java.lang.reflect.Method.invoke(Method.java:585)
	at org.apache.maven.surefire.booter.SurefireBooter.runSuitesInProcess(SurefireBooter.java:338)
	at org.apache.maven.surefire.booter.SurefireBooter.main(SurefireBooter.java:997)
2009-05-04 16:35:32,313 [main] INFO  org.quartz.core.QuartzScheduler - Scheduler SimpleQuartzScheduler_$_SIMPLE_NON_CLUSTERED shutting down.
2009-05-04 16:35:32,313 [main] INFO  org.quartz.core.QuartzScheduler - Scheduler SimpleQuartzScheduler_$_SIMPLE_NON_CLUSTERED paused.
2009-05-04 16:35:32,313 [main] INFO  org.quartz.core.QuartzScheduler - Scheduler SimpleQuartzScheduler_$_SIMPLE_NON_CLUSTERED shutdown complete.
2009-05-04 16:35:32,315 [main] INFO  org.quartz.core.SchedulerSignalerImpl - Initialized Scheduler Signaller of type: class org.quartz.core.SchedulerSignalerImpl
2009-05-04 16:35:32,315 [main] INFO  org.quartz.core.QuartzScheduler - Quartz Scheduler v.1.6.1-RC3 created.
2009-05-04 16:35:32,315 [main] INFO  org.quartz.simpl.RAMJobStore - RAMJobStore initialized.
2009-05-04 16:35:32,315 [main] INFO  org.quartz.impl.DirectSchedulerFactory - Quartz scheduler 'SimpleQuartzScheduler
2009-05-04 16:35:32,315 [main] INFO  org.quartz.impl.DirectSchedulerFactory - Quartz scheduler version: 1.6.1-RC3
2009-05-04 16:35:32,316 [main] INFO  org.quartz.core.QuartzScheduler - Scheduler SimpleQuartzScheduler_$_SIMPLE_NON_CLUSTERED started.
2009-05-04 16:35:32,319 [main] INFO  scheduler.SchedulerService - enabled=true
2009-05-04 16:35:32,319 [main] INFO  scheduler.SchedulerService - time isMon May 04 16:35:32 EST 2009
2009-05-04 16:35:32,319 [main] INFO  scheduler.SchedulerService - description=At 2:0 on the 4th, 1st of JAN,MAR
2009-05-04 16:35:32,319 [main] INFO  scheduler.SchedulerService - no beginjobat
2009-05-04 16:35:32,319 [main] INFO  scheduler.SchedulerService - scheduling the job
2009-05-04 16:35:32,319 [main] INFO  scheduler.SchedulerService - setting description: At 2:0 on the 4th, 1st of JAN,MAR
2009-05-04 16:35:32,319 [main] INFO  scheduler.SchedulerService - creating trigger: id=0 |group=1003 |cron=0 0 2 4,1 JAN,MAR ? *
2009-05-04 16:35:32,321 [main] INFO  scheduler.SchedulerService - Job with id=1003 and 1 crons scheduled successfully
2009-05-04 16:35:32,323 [main] INFO  scheduler.SchedulerService - scheduling a retry with cron=0 0 3 1 JAN ? * retry=null
2009-05-04 16:35:32,327 [main] INFO  scheduler.SchedulerService - scheduled successfully, triggername = retrynull current time is : Mon May 04 16:35:32 EST 2009 next fire time is: Fri Jan 01 03:00:00 EST 2010
2009-05-04 16:35:32,328 [main] INFO  scheduler.SchedulerService - trigger endtime=null final=null
2009-05-04 16:35:32,328 [main] INFO  scheduler.SchedulerService - trigger state =0 scheduler in standby=false is started=true
2009-05-04 16:35:32,329 [main] INFO  org.quartz.core.QuartzScheduler - Scheduler SimpleQuartzScheduler_$_SIMPLE_NON_CLUSTERED shutting down.
2009-05-04 16:35:32,329 [main] INFO  org.quartz.core.QuartzScheduler - Scheduler SimpleQuartzScheduler_$_SIMPLE_NON_CLUSTERED paused.
2009-05-04 16:35:32,331 [main] INFO  org.quartz.core.QuartzScheduler - Scheduler SimpleQuartzScheduler_$_SIMPLE_NON_CLUSTERED shutdown complete.
2009-05-04 16:36:26,516 [main] INFO  org.quartz.core.SchedulerSignalerImpl - Initialized Scheduler Signaller of type: class org.quartz.core.SchedulerSignalerImpl
2009-05-04 16:36:26,517 [main] INFO  org.quartz.core.QuartzScheduler - Quartz Scheduler v.1.6.1-RC3 created.
2009-05-04 16:36:26,519 [main] INFO  org.quartz.simpl.RAMJobStore - RAMJobStore initialized.
2009-05-04 16:36:26,521 [main] INFO  org.quartz.impl.DirectSchedulerFactory - Quartz scheduler 'SimpleQuartzScheduler
2009-05-04 16:36:26,521 [main] INFO  org.quartz.impl.DirectSchedulerFactory - Quartz scheduler version: 1.6.1-RC3
2009-05-04 16:36:26,522 [main] INFO  org.quartz.core.QuartzScheduler - Scheduler SimpleQuartzScheduler_$_SIMPLE_NON_CLUSTERED started.
2009-05-04 16:36:26,762 [main] INFO  scheduler.SchedulerService - enabled=true
2009-05-04 16:36:26,763 [main] INFO  scheduler.SchedulerService - time isMon May 04 16:36:26 EST 2009
2009-05-04 16:36:26,763 [main] INFO  scheduler.SchedulerService - description=At 2:0 on the 4th, 1st of JAN,MAR
2009-05-04 16:36:26,763 [main] INFO  scheduler.SchedulerService - no beginjobat
2009-05-04 16:36:26,764 [main] INFO  scheduler.SchedulerService - scheduling the job
2009-05-04 16:36:26,777 [main] INFO  scheduler.SchedulerService - setting description: At 2:0 on the 4th, 1st of JAN,MAR
2009-05-04 16:36:26,779 [main] INFO  scheduler.SchedulerService - creating trigger: id=0 |group=1003 |cron=0 0 2 4,1 JAN,MAR ? *
2009-05-04 16:36:26,792 [main] INFO  scheduler.SchedulerService - Job with id=1003 and 1 crons scheduled successfully
2009-05-04 16:36:26,793 [main] INFO  org.quartz.core.QuartzScheduler - Scheduler SimpleQuartzScheduler_$_SIMPLE_NON_CLUSTERED shutting down.
2009-05-04 16:36:26,793 [main] INFO  org.quartz.core.QuartzScheduler - Scheduler SimpleQuartzScheduler_$_SIMPLE_NON_CLUSTERED paused.
2009-05-04 16:36:26,793 [main] INFO  org.quartz.core.QuartzScheduler - Scheduler SimpleQuartzScheduler_$_SIMPLE_NON_CLUSTERED shutdown complete.
2009-05-04 16:36:26,799 [main] INFO  org.quartz.core.SchedulerSignalerImpl - Initialized Scheduler Signaller of type: class org.quartz.core.SchedulerSignalerImpl
2009-05-04 16:36:26,799 [main] INFO  org.quartz.core.QuartzScheduler - Quartz Scheduler v.1.6.1-RC3 created.
2009-05-04 16:36:26,799 [main] INFO  org.quartz.simpl.RAMJobStore - RAMJobStore initialized.
2009-05-04 16:36:26,799 [main] INFO  org.quartz.impl.DirectSchedulerFactory - Quartz scheduler 'SimpleQuartzScheduler
2009-05-04 16:36:26,799 [main] INFO  org.quartz.impl.DirectSchedulerFactory - Quartz scheduler version: 1.6.1-RC3
2009-05-04 16:36:26,799 [main] INFO  org.quartz.core.QuartzScheduler - Scheduler SimpleQuartzScheduler_$_SIMPLE_NON_CLUSTERED started.
2009-05-04 16:36:26,804 [main] INFO  scheduler.SchedulerService - enabled=true
2009-05-04 16:36:26,804 [main] INFO  scheduler.SchedulerService - time isMon May 04 16:36:26 EST 2009
2009-05-04 16:36:26,804 [main] INFO  scheduler.SchedulerService - description=At 2:0 on the 4th, 1st of JAN,MAR
2009-05-04 16:36:26,804 [main] INFO  scheduler.SchedulerService - no beginjobat
2009-05-04 16:36:26,804 [main] INFO  scheduler.SchedulerService - scheduling the job
2009-05-04 16:36:26,804 [main] INFO  scheduler.SchedulerService - setting description: At 2:0 on the 4th, 1st of JAN,MAR
2009-05-04 16:36:26,804 [main] INFO  scheduler.SchedulerService - creating trigger: id=0 |group=1003 |cron=0 0 2 4,1 JAN,MAR ? *
2009-05-04 16:36:26,808 [main] INFO  scheduler.SchedulerService - Job with id=1003 and 1 crons scheduled successfully
2009-05-04 16:36:26,808 [main] INFO  scheduler.SchedulerService - jobid list = [1003]
2009-05-04 16:36:26,808 [main] INFO  scheduler.SchedulerService - found jobid = 1003
2009-05-04 16:36:26,819 [main] INFO  scheduler.SchedulerService - Schedule removed, id=1003
2009-05-04 16:36:26,819 [main] INFO  scheduler.SchedulerService - jobid list = [1003]
2009-05-04 16:36:26,819 [main] ERROR scheduler.SchedulerService - no Job with id 1003 found
2009-05-04 16:36:26,820 [main] ERROR scheduler.SchedulerService - unable to create the sb xml doc
java.lang.Exception: didn't find anything
	at scheduler.SchedulerService.getschedule(SchedulerService.java:67)
	at scheduler.SchedulerServiceTest.getAndDeleteScheduleTest(SchedulerServiceTest.java:94)
	at sun.reflect.NativeMethodAccessorImpl.invoke0(Native Method)
	at sun.reflect.NativeMethodAccessorImpl.invoke(NativeMethodAccessorImpl.java:39)
	at sun.reflect.DelegatingMethodAccessorImpl.invoke(DelegatingMethodAccessorImpl.java:25)
	at java.lang.reflect.Method.invoke(Method.java:585)
	at org.junit.internal.runners.TestMethod.invoke(TestMethod.java:59)
	at org.junit.internal.runners.MethodRoadie.runTestMethod(MethodRoadie.java:98)
	at org.junit.internal.runners.MethodRoadie$2.run(MethodRoadie.java:79)
	at org.junit.internal.runners.MethodRoadie.runBeforesThenTestThenAfters(MethodRoadie.java:87)
	at org.junit.internal.runners.MethodRoadie.runTest(MethodRoadie.java:77)
	at org.junit.internal.runners.MethodRoadie.run(MethodRoadie.java:42)
	at org.junit.internal.runners.JUnit4ClassRunner.invokeTestMethod(JUnit4ClassRunner.java:88)
	at org.junit.internal.runners.JUnit4ClassRunner.runMethods(JUnit4ClassRunner.java:51)
	at org.junit.internal.runners.JUnit4ClassRunner$1.run(JUnit4ClassRunner.java:44)
	at org.junit.internal.runners.ClassRoadie.runUnprotected(ClassRoadie.java:27)
	at org.junit.internal.runners.ClassRoadie.runProtected(ClassRoadie.java:37)
	at org.junit.internal.runners.JUnit4ClassRunner.run(JUnit4ClassRunner.java:42)
	at org.apache.maven.surefire.junit4.JUnit4TestSet.execute(JUnit4TestSet.java:62)
	at org.apache.maven.surefire.suite.AbstractDirectoryTestSuite.executeTestSet(AbstractDirectoryTestSuite.java:140)
	at org.apache.maven.surefire.suite.AbstractDirectoryTestSuite.execute(AbstractDirectoryTestSuite.java:127)
	at org.apache.maven.surefire.Surefire.run(Surefire.java:177)
	at sun.reflect.NativeMethodAccessorImpl.invoke0(Native Method)
	at sun.reflect.NativeMethodAccessorImpl.invoke(NativeMethodAccessorImpl.java:39)
	at sun.reflect.DelegatingMethodAccessorImpl.invoke(DelegatingMethodAccessorImpl.java:25)
	at java.lang.reflect.Method.invoke(Method.java:585)
	at org.apache.maven.surefire.booter.SurefireBooter.runSuitesInProcess(SurefireBooter.java:338)
	at org.apache.maven.surefire.booter.SurefireBooter.main(SurefireBooter.java:997)
2009-05-04 16:36:26,823 [main] INFO  org.quartz.core.QuartzScheduler - Scheduler SimpleQuartzScheduler_$_SIMPLE_NON_CLUSTERED shutting down.
2009-05-04 16:36:26,823 [main] INFO  org.quartz.core.QuartzScheduler - Scheduler SimpleQuartzScheduler_$_SIMPLE_NON_CLUSTERED paused.
2009-05-04 16:36:26,823 [main] INFO  org.quartz.core.QuartzScheduler - Scheduler SimpleQuartzScheduler_$_SIMPLE_NON_CLUSTERED shutdown complete.
2009-05-04 16:36:26,825 [main] INFO  org.quartz.core.SchedulerSignalerImpl - Initialized Scheduler Signaller of type: class org.quartz.core.SchedulerSignalerImpl
2009-05-04 16:36:26,825 [main] INFO  org.quartz.core.QuartzScheduler - Quartz Scheduler v.1.6.1-RC3 created.
2009-05-04 16:36:26,825 [main] INFO  org.quartz.simpl.RAMJobStore - RAMJobStore initialized.
2009-05-04 16:36:26,825 [main] INFO  org.quartz.impl.DirectSchedulerFactory - Quartz scheduler 'SimpleQuartzScheduler
2009-05-04 16:36:26,825 [main] INFO  org.quartz.impl.DirectSchedulerFactory - Quartz scheduler version: 1.6.1-RC3
2009-05-04 16:36:26,825 [main] INFO  org.quartz.core.QuartzScheduler - Scheduler SimpleQuartzScheduler_$_SIMPLE_NON_CLUSTERED started.
2009-05-04 16:36:26,828 [main] INFO  scheduler.SchedulerService - enabled=true
2009-05-04 16:36:26,828 [main] INFO  scheduler.SchedulerService - time isMon May 04 16:36:26 EST 2009
2009-05-04 16:36:26,828 [main] INFO  scheduler.SchedulerService - description=At 2:0 on the 4th, 1st of JAN,MAR
2009-05-04 16:36:26,828 [main] INFO  scheduler.SchedulerService - no beginjobat
2009-05-04 16:36:26,828 [main] INFO  scheduler.SchedulerService - scheduling the job
2009-05-04 16:36:26,829 [main] INFO  scheduler.SchedulerService - setting description: At 2:0 on the 4th, 1st of JAN,MAR
2009-05-04 16:36:26,829 [main] INFO  scheduler.SchedulerService - creating trigger: id=0 |group=1003 |cron=0 0 2 4,1 JAN,MAR ? *
2009-05-04 16:36:26,831 [main] INFO  scheduler.SchedulerService - Job with id=1003 and 1 crons scheduled successfully
2009-05-04 16:36:26,833 [main] INFO  scheduler.SchedulerService - scheduling a retry with cron=0 0 3 1 JAN ? * retry=null
2009-05-04 16:36:26,837 [main] INFO  scheduler.SchedulerService - scheduled successfully, triggername = retrynull current time is : Mon May 04 16:36:26 EST 2009 next fire time is: Fri Jan 01 03:00:00 EST 2010
2009-05-04 16:36:26,837 [main] INFO  scheduler.SchedulerService - trigger endtime=null final=null
2009-05-04 16:36:26,837 [main] INFO  scheduler.SchedulerService - trigger state =0 scheduler in standby=false is started=true
2009-05-04 16:36:26,838 [main] INFO  org.quartz.core.QuartzScheduler - Scheduler SimpleQuartzScheduler_$_SIMPLE_NON_CLUSTERED shutting down.
2009-05-04 16:36:26,838 [main] INFO  org.quartz.core.QuartzScheduler - Scheduler SimpleQuartzScheduler_$_SIMPLE_NON_CLUSTERED paused.
2009-05-04 16:36:26,838 [main] INFO  org.quartz.core.QuartzScheduler - Scheduler SimpleQuartzScheduler_$_SIMPLE_NON_CLUSTERED shutdown complete.
2009-05-04 16:39:06,047 [main] INFO  org.quartz.core.SchedulerSignalerImpl - Initialized Scheduler Signaller of type: class org.quartz.core.SchedulerSignalerImpl
2009-05-04 16:39:06,047 [main] INFO  org.quartz.core.QuartzScheduler - Quartz Scheduler v.1.6.1-RC3 created.
2009-05-04 16:39:06,050 [main] INFO  org.quartz.simpl.RAMJobStore - RAMJobStore initialized.
2009-05-04 16:39:06,052 [main] INFO  org.quartz.impl.DirectSchedulerFactory - Quartz scheduler 'SimpleQuartzScheduler
2009-05-04 16:39:06,052 [main] INFO  org.quartz.impl.DirectSchedulerFactory - Quartz scheduler version: 1.6.1-RC3
2009-05-04 16:39:06,053 [main] INFO  org.quartz.core.QuartzScheduler - Scheduler SimpleQuartzScheduler_$_SIMPLE_NON_CLUSTERED started.
2009-05-04 16:39:06,293 [main] INFO  scheduler.SchedulerService - enabled=true
2009-05-04 16:39:06,294 [main] INFO  scheduler.SchedulerService - time isMon May 04 16:39:06 EST 2009
2009-05-04 16:39:06,294 [main] INFO  scheduler.SchedulerService - description=At 2:0 on the 4th, 1st of JAN,MAR
2009-05-04 16:39:06,294 [main] INFO  scheduler.SchedulerService - no beginjobat
2009-05-04 16:39:06,295 [main] INFO  scheduler.SchedulerService - scheduling the job
2009-05-04 16:39:06,309 [main] INFO  scheduler.SchedulerService - setting description: At 2:0 on the 4th, 1st of JAN,MAR
2009-05-04 16:39:06,311 [main] INFO  scheduler.SchedulerService - creating trigger: id=0 |group=1003 |cron=0 0 2 4,1 JAN,MAR ? *
2009-05-04 16:39:06,322 [main] INFO  scheduler.SchedulerService - Job with id=1003 and 1 crons scheduled successfully
2009-05-04 16:39:06,323 [main] INFO  org.quartz.core.QuartzScheduler - Scheduler SimpleQuartzScheduler_$_SIMPLE_NON_CLUSTERED shutting down.
2009-05-04 16:39:06,324 [main] INFO  org.quartz.core.QuartzScheduler - Scheduler SimpleQuartzScheduler_$_SIMPLE_NON_CLUSTERED paused.
2009-05-04 16:39:06,324 [main] INFO  org.quartz.core.QuartzScheduler - Scheduler SimpleQuartzScheduler_$_SIMPLE_NON_CLUSTERED shutdown complete.
2009-05-04 16:39:06,330 [main] INFO  org.quartz.core.SchedulerSignalerImpl - Initialized Scheduler Signaller of type: class org.quartz.core.SchedulerSignalerImpl
2009-05-04 16:39:06,330 [main] INFO  org.quartz.core.QuartzScheduler - Quartz Scheduler v.1.6.1-RC3 created.
2009-05-04 16:39:06,330 [main] INFO  org.quartz.simpl.RAMJobStore - RAMJobStore initialized.
2009-05-04 16:39:06,330 [main] INFO  org.quartz.impl.DirectSchedulerFactory - Quartz scheduler 'SimpleQuartzScheduler
2009-05-04 16:39:06,330 [main] INFO  org.quartz.impl.DirectSchedulerFactory - Quartz scheduler version: 1.6.1-RC3
2009-05-04 16:39:06,331 [main] INFO  org.quartz.core.QuartzScheduler - Scheduler SimpleQuartzScheduler_$_SIMPLE_NON_CLUSTERED started.
2009-05-04 16:39:06,337 [main] INFO  scheduler.SchedulerService - enabled=true
2009-05-04 16:39:06,337 [main] INFO  scheduler.SchedulerService - time isMon May 04 16:39:06 EST 2009
2009-05-04 16:39:06,337 [main] INFO  scheduler.SchedulerService - description=At 2:0 on the 4th, 1st of JAN,MAR
2009-05-04 16:39:06,337 [main] INFO  scheduler.SchedulerService - no beginjobat
2009-05-04 16:39:06,337 [main] INFO  scheduler.SchedulerService - scheduling the job
2009-05-04 16:39:06,337 [main] INFO  scheduler.SchedulerService - setting description: At 2:0 on the 4th, 1st of JAN,MAR
2009-05-04 16:39:06,337 [main] INFO  scheduler.SchedulerService - creating trigger: id=0 |group=1003 |cron=0 0 2 4,1 JAN,MAR ? *
2009-05-04 16:39:06,341 [main] INFO  scheduler.SchedulerService - Job with id=1003 and 1 crons scheduled successfully
2009-05-04 16:39:06,341 [main] INFO  scheduler.SchedulerService - jobid list = [1003]
2009-05-04 16:39:06,341 [main] INFO  scheduler.SchedulerService - found jobid = 1003
2009-05-04 16:39:06,352 [main] INFO  scheduler.SchedulerService - Schedule removed, id=1003
2009-05-04 16:39:06,352 [main] INFO  scheduler.SchedulerService - jobid list = [1003]
2009-05-04 16:39:06,352 [main] ERROR scheduler.SchedulerService - no Job with id 1003 found
2009-05-04 16:39:06,353 [main] ERROR scheduler.SchedulerService - unable to create the sb xml doc
java.lang.Exception: didn't find anything
	at scheduler.SchedulerService.getschedule(SchedulerService.java:67)
	at scheduler.SchedulerServiceTest.getAndDeleteScheduleTest(SchedulerServiceTest.java:94)
	at sun.reflect.NativeMethodAccessorImpl.invoke0(Native Method)
	at sun.reflect.NativeMethodAccessorImpl.invoke(NativeMethodAccessorImpl.java:39)
	at sun.reflect.DelegatingMethodAccessorImpl.invoke(DelegatingMethodAccessorImpl.java:25)
	at java.lang.reflect.Method.invoke(Method.java:585)
	at org.junit.internal.runners.TestMethod.invoke(TestMethod.java:59)
	at org.junit.internal.runners.MethodRoadie.runTestMethod(MethodRoadie.java:98)
	at org.junit.internal.runners.MethodRoadie$2.run(MethodRoadie.java:79)
	at org.junit.internal.runners.MethodRoadie.runBeforesThenTestThenAfters(MethodRoadie.java:87)
	at org.junit.internal.runners.MethodRoadie.runTest(MethodRoadie.java:77)
	at org.junit.internal.runners.MethodRoadie.run(MethodRoadie.java:42)
	at org.junit.internal.runners.JUnit4ClassRunner.invokeTestMethod(JUnit4ClassRunner.java:88)
	at org.junit.internal.runners.JUnit4ClassRunner.runMethods(JUnit4ClassRunner.java:51)
	at org.junit.internal.runners.JUnit4ClassRunner$1.run(JUnit4ClassRunner.java:44)
	at org.junit.internal.runners.ClassRoadie.runUnprotected(ClassRoadie.java:27)
	at org.junit.internal.runners.ClassRoadie.runProtected(ClassRoadie.java:37)
	at org.junit.internal.runners.JUnit4ClassRunner.run(JUnit4ClassRunner.java:42)
	at org.apache.maven.surefire.junit4.JUnit4TestSet.execute(JUnit4TestSet.java:62)
	at org.apache.maven.surefire.suite.AbstractDirectoryTestSuite.executeTestSet(AbstractDirectoryTestSuite.java:140)
	at org.apache.maven.surefire.suite.AbstractDirectoryTestSuite.execute(AbstractDirectoryTestSuite.java:127)
	at org.apache.maven.surefire.Surefire.run(Surefire.java:177)
	at sun.reflect.NativeMethodAccessorImpl.invoke0(Native Method)
	at sun.reflect.NativeMethodAccessorImpl.invoke(NativeMethodAccessorImpl.java:39)
	at sun.reflect.DelegatingMethodAccessorImpl.invoke(DelegatingMethodAccessorImpl.java:25)
	at java.lang.reflect.Method.invoke(Method.java:585)
	at org.apache.maven.surefire.booter.SurefireBooter.runSuitesInProcess(SurefireBooter.java:338)
	at org.apache.maven.surefire.booter.SurefireBooter.main(SurefireBooter.java:997)
2009-05-04 16:39:06,356 [main] INFO  org.quartz.core.QuartzScheduler - Scheduler SimpleQuartzScheduler_$_SIMPLE_NON_CLUSTERED shutting down.
2009-05-04 16:39:06,356 [main] INFO  org.quartz.core.QuartzScheduler - Scheduler SimpleQuartzScheduler_$_SIMPLE_NON_CLUSTERED paused.
2009-05-04 16:39:06,356 [main] INFO  org.quartz.core.QuartzScheduler - Scheduler SimpleQuartzScheduler_$_SIMPLE_NON_CLUSTERED shutdown complete.
2009-05-04 16:39:06,358 [main] INFO  org.quartz.core.SchedulerSignalerImpl - Initialized Scheduler Signaller of type: class org.quartz.core.SchedulerSignalerImpl
2009-05-04 16:39:06,358 [main] INFO  org.quartz.core.QuartzScheduler - Quartz Scheduler v.1.6.1-RC3 created.
2009-05-04 16:39:06,358 [main] INFO  org.quartz.simpl.RAMJobStore - RAMJobStore initialized.
2009-05-04 16:39:06,358 [main] INFO  org.quartz.impl.DirectSchedulerFactory - Quartz scheduler 'SimpleQuartzScheduler
2009-05-04 16:39:06,358 [main] INFO  org.quartz.impl.DirectSchedulerFactory - Quartz scheduler version: 1.6.1-RC3
2009-05-04 16:39:06,358 [main] INFO  org.quartz.core.QuartzScheduler - Scheduler SimpleQuartzScheduler_$_SIMPLE_NON_CLUSTERED started.
2009-05-04 16:39:06,361 [main] INFO  scheduler.SchedulerService - enabled=true
2009-05-04 16:39:06,361 [main] INFO  scheduler.SchedulerService - time isMon May 04 16:39:06 EST 2009
2009-05-04 16:39:06,361 [main] INFO  scheduler.SchedulerService - description=At 2:0 on the 4th, 1st of JAN,MAR
2009-05-04 16:39:06,361 [main] INFO  scheduler.SchedulerService - no beginjobat
2009-05-04 16:39:06,361 [main] INFO  scheduler.SchedulerService - scheduling the job
2009-05-04 16:39:06,361 [main] INFO  scheduler.SchedulerService - setting description: At 2:0 on the 4th, 1st of JAN,MAR
2009-05-04 16:39:06,362 [main] INFO  scheduler.SchedulerService - creating trigger: id=0 |group=1003 |cron=0 0 2 4,1 JAN,MAR ? *
2009-05-04 16:39:06,364 [main] INFO  scheduler.SchedulerService - Job with id=1003 and 1 crons scheduled successfully
2009-05-04 16:39:06,366 [main] INFO  scheduler.SchedulerService - scheduling a retry with cron=0 0 3 1 JAN ? * retry=null
2009-05-04 16:39:06,371 [main] INFO  scheduler.SchedulerService - scheduled successfully, triggername = retrynull current time is : Mon May 04 16:39:06 EST 2009 next fire time is: Fri Jan 01 03:00:00 EST 2010
2009-05-04 16:39:06,371 [main] INFO  scheduler.SchedulerService - trigger endtime=null final=null
2009-05-04 16:39:06,371 [main] INFO  scheduler.SchedulerService - trigger state =0 scheduler in standby=false is started=true
2009-05-04 16:39:06,372 [main] INFO  org.quartz.core.QuartzScheduler - Scheduler SimpleQuartzScheduler_$_SIMPLE_NON_CLUSTERED shutting down.
2009-05-04 16:39:06,372 [main] INFO  org.quartz.core.QuartzScheduler - Scheduler SimpleQuartzScheduler_$_SIMPLE_NON_CLUSTERED paused.
2009-05-04 16:39:06,372 [main] INFO  org.quartz.core.QuartzScheduler - Scheduler SimpleQuartzScheduler_$_SIMPLE_NON_CLUSTERED shutdown complete.
2009-05-05 09:05:29,845 [main] INFO  org.quartz.core.SchedulerSignalerImpl - Initialized Scheduler Signaller of type: class org.quartz.core.SchedulerSignalerImpl
2009-05-05 09:05:29,858 [main] INFO  org.quartz.core.QuartzScheduler - Quartz Scheduler v.1.6.1-RC3 created.
2009-05-05 09:05:29,861 [main] INFO  org.quartz.simpl.RAMJobStore - RAMJobStore initialized.
2009-05-05 09:05:29,864 [main] INFO  org.quartz.impl.DirectSchedulerFactory - Quartz scheduler 'SimpleQuartzScheduler
2009-05-05 09:05:29,864 [main] INFO  org.quartz.impl.DirectSchedulerFactory - Quartz scheduler version: 1.6.1-RC3
2009-05-05 09:05:29,865 [main] INFO  org.quartz.core.QuartzScheduler - Scheduler SimpleQuartzScheduler_$_SIMPLE_NON_CLUSTERED started.
2009-05-05 09:05:30,201 [main] INFO  scheduler.SchedulerService - enabled=true
2009-05-05 09:05:30,202 [main] INFO  scheduler.SchedulerService - time isTue May 05 09:05:30 EST 2009
2009-05-05 09:05:30,202 [main] INFO  scheduler.SchedulerService - description=At 2:0 on the 4th, 1st of JAN,MAR
2009-05-05 09:05:30,202 [main] INFO  scheduler.SchedulerService - no beginjobat
2009-05-05 09:05:30,202 [main] INFO  scheduler.SchedulerService - scheduling the job
2009-05-05 09:05:30,236 [main] INFO  scheduler.SchedulerService - setting description: At 2:0 on the 4th, 1st of JAN,MAR
2009-05-05 09:05:30,247 [main] INFO  scheduler.SchedulerService - creating trigger: id=0 |group=1003 |cron=0 0 2 4,1 JAN,MAR ? *
2009-05-05 09:05:30,257 [main] INFO  scheduler.SchedulerService - Job with id=1003 and 1 crons scheduled successfully
2009-05-05 09:05:30,258 [main] INFO  org.quartz.core.QuartzScheduler - Scheduler SimpleQuartzScheduler_$_SIMPLE_NON_CLUSTERED shutting down.
2009-05-05 09:05:30,258 [main] INFO  org.quartz.core.QuartzScheduler - Scheduler SimpleQuartzScheduler_$_SIMPLE_NON_CLUSTERED paused.
2009-05-05 09:05:30,259 [main] INFO  org.quartz.core.QuartzScheduler - Scheduler SimpleQuartzScheduler_$_SIMPLE_NON_CLUSTERED shutdown complete.
2009-05-05 09:05:30,265 [main] INFO  org.quartz.core.SchedulerSignalerImpl - Initialized Scheduler Signaller of type: class org.quartz.core.SchedulerSignalerImpl
2009-05-05 09:05:30,265 [main] INFO  org.quartz.core.QuartzScheduler - Quartz Scheduler v.1.6.1-RC3 created.
2009-05-05 09:05:30,265 [main] INFO  org.quartz.simpl.RAMJobStore - RAMJobStore initialized.
2009-05-05 09:05:30,265 [main] INFO  org.quartz.impl.DirectSchedulerFactory - Quartz scheduler 'SimpleQuartzScheduler
2009-05-05 09:05:30,265 [main] INFO  org.quartz.impl.DirectSchedulerFactory - Quartz scheduler version: 1.6.1-RC3
2009-05-05 09:05:30,265 [main] INFO  org.quartz.core.QuartzScheduler - Scheduler SimpleQuartzScheduler_$_SIMPLE_NON_CLUSTERED started.
2009-05-05 09:05:30,270 [main] INFO  scheduler.SchedulerService - enabled=true
2009-05-05 09:05:30,270 [main] INFO  scheduler.SchedulerService - time isTue May 05 09:05:30 EST 2009
2009-05-05 09:05:30,270 [main] INFO  scheduler.SchedulerService - description=At 2:0 on the 4th, 1st of JAN,MAR
2009-05-05 09:05:30,270 [main] INFO  scheduler.SchedulerService - no beginjobat
2009-05-05 09:05:30,270 [main] INFO  scheduler.SchedulerService - scheduling the job
2009-05-05 09:05:30,271 [main] INFO  scheduler.SchedulerService - setting description: At 2:0 on the 4th, 1st of JAN,MAR
2009-05-05 09:05:30,271 [main] INFO  scheduler.SchedulerService - creating trigger: id=0 |group=1003 |cron=0 0 2 4,1 JAN,MAR ? *
2009-05-05 09:05:30,275 [main] INFO  scheduler.SchedulerService - Job with id=1003 and 1 crons scheduled successfully
2009-05-05 09:05:30,275 [main] INFO  scheduler.SchedulerService - jobid list = [1003]
2009-05-05 09:05:30,275 [main] INFO  scheduler.SchedulerService - found jobid = 1003
2009-05-05 09:05:30,286 [main] INFO  scheduler.SchedulerService - Schedule removed, id=1003
2009-05-05 09:05:30,286 [main] INFO  scheduler.SchedulerService - jobid list = [1003]
2009-05-05 09:05:30,286 [main] ERROR scheduler.SchedulerService - no Job with id 1003 found
2009-05-05 09:05:30,287 [main] ERROR scheduler.SchedulerService - unable to create the sb xml doc
java.lang.Exception: didn't find anything
	at scheduler.SchedulerService.getschedule(SchedulerService.java:67)
	at scheduler.SchedulerServiceTest.getAndDeleteScheduleTest(SchedulerServiceTest.java:94)
	at sun.reflect.NativeMethodAccessorImpl.invoke0(Native Method)
	at sun.reflect.NativeMethodAccessorImpl.invoke(NativeMethodAccessorImpl.java:39)
	at sun.reflect.DelegatingMethodAccessorImpl.invoke(DelegatingMethodAccessorImpl.java:25)
	at java.lang.reflect.Method.invoke(Method.java:585)
	at org.junit.internal.runners.TestMethod.invoke(TestMethod.java:59)
	at org.junit.internal.runners.MethodRoadie.runTestMethod(MethodRoadie.java:98)
	at org.junit.internal.runners.MethodRoadie$2.run(MethodRoadie.java:79)
	at org.junit.internal.runners.MethodRoadie.runBeforesThenTestThenAfters(MethodRoadie.java:87)
	at org.junit.internal.runners.MethodRoadie.runTest(MethodRoadie.java:77)
	at org.junit.internal.runners.MethodRoadie.run(MethodRoadie.java:42)
	at org.junit.internal.runners.JUnit4ClassRunner.invokeTestMethod(JUnit4ClassRunner.java:88)
	at org.junit.internal.runners.JUnit4ClassRunner.runMethods(JUnit4ClassRunner.java:51)
	at org.junit.internal.runners.JUnit4ClassRunner$1.run(JUnit4ClassRunner.java:44)
	at org.junit.internal.runners.ClassRoadie.runUnprotected(ClassRoadie.java:27)
	at org.junit.internal.runners.ClassRoadie.runProtected(ClassRoadie.java:37)
	at org.junit.internal.runners.JUnit4ClassRunner.run(JUnit4ClassRunner.java:42)
	at org.apache.maven.surefire.junit4.JUnit4TestSet.execute(JUnit4TestSet.java:62)
	at org.apache.maven.surefire.suite.AbstractDirectoryTestSuite.executeTestSet(AbstractDirectoryTestSuite.java:140)
	at org.apache.maven.surefire.suite.AbstractDirectoryTestSuite.execute(AbstractDirectoryTestSuite.java:127)
	at org.apache.maven.surefire.Surefire.run(Surefire.java:177)
	at sun.reflect.NativeMethodAccessorImpl.invoke0(Native Method)
	at sun.reflect.NativeMethodAccessorImpl.invoke(NativeMethodAccessorImpl.java:39)
	at sun.reflect.DelegatingMethodAccessorImpl.invoke(DelegatingMethodAccessorImpl.java:25)
	at java.lang.reflect.Method.invoke(Method.java:585)
	at org.apache.maven.surefire.booter.SurefireBooter.runSuitesInProcess(SurefireBooter.java:338)
	at org.apache.maven.surefire.booter.SurefireBooter.main(SurefireBooter.java:997)
2009-05-05 09:05:30,288 [main] INFO  org.quartz.core.QuartzScheduler - Scheduler SimpleQuartzScheduler_$_SIMPLE_NON_CLUSTERED shutting down.
2009-05-05 09:05:30,288 [main] INFO  org.quartz.core.QuartzScheduler - Scheduler SimpleQuartzScheduler_$_SIMPLE_NON_CLUSTERED paused.
2009-05-05 09:05:30,289 [main] INFO  org.quartz.core.QuartzScheduler - Scheduler SimpleQuartzScheduler_$_SIMPLE_NON_CLUSTERED shutdown complete.
2009-05-05 09:05:30,292 [main] INFO  org.quartz.core.SchedulerSignalerImpl - Initialized Scheduler Signaller of type: class org.quartz.core.SchedulerSignalerImpl
2009-05-05 09:05:30,292 [main] INFO  org.quartz.core.QuartzScheduler - Quartz Scheduler v.1.6.1-RC3 created.
2009-05-05 09:05:30,292 [main] INFO  org.quartz.simpl.RAMJobStore - RAMJobStore initialized.
2009-05-05 09:05:30,292 [main] INFO  org.quartz.impl.DirectSchedulerFactory - Quartz scheduler 'SimpleQuartzScheduler
2009-05-05 09:05:30,292 [main] INFO  org.quartz.impl.DirectSchedulerFactory - Quartz scheduler version: 1.6.1-RC3
2009-05-05 09:05:30,292 [main] INFO  org.quartz.core.QuartzScheduler - Scheduler SimpleQuartzScheduler_$_SIMPLE_NON_CLUSTERED started.
2009-05-05 09:05:30,295 [main] INFO  scheduler.SchedulerService - enabled=true
2009-05-05 09:05:30,296 [main] INFO  scheduler.SchedulerService - time isTue May 05 09:05:30 EST 2009
2009-05-05 09:05:30,296 [main] INFO  scheduler.SchedulerService - description=At 2:0 on the 4th, 1st of JAN,MAR
2009-05-05 09:05:30,296 [main] INFO  scheduler.SchedulerService - no beginjobat
2009-05-05 09:05:30,296 [main] INFO  scheduler.SchedulerService - scheduling the job
2009-05-05 09:05:30,296 [main] INFO  scheduler.SchedulerService - setting description: At 2:0 on the 4th, 1st of JAN,MAR
2009-05-05 09:05:30,296 [main] INFO  scheduler.SchedulerService - creating trigger: id=0 |group=1003 |cron=0 0 2 4,1 JAN,MAR ? *
2009-05-05 09:05:30,298 [main] INFO  scheduler.SchedulerService - Job with id=1003 and 1 crons scheduled successfully
2009-05-05 09:05:30,300 [main] INFO  scheduler.SchedulerService - scheduling a retry with cron=0 0 3 1 JAN ? * retry=null
2009-05-05 09:05:30,304 [main] INFO  scheduler.SchedulerService - scheduled successfully, triggername = retrynull current time is : Tue May 05 09:05:30 EST 2009 next fire time is: Fri Jan 01 03:00:00 EST 2010
2009-05-05 09:05:30,304 [main] INFO  scheduler.SchedulerService - trigger endtime=null final=null
2009-05-05 09:05:30,304 [main] INFO  scheduler.SchedulerService - trigger state =0 scheduler in standby=false is started=true
2009-05-05 09:05:30,305 [main] INFO  org.quartz.core.QuartzScheduler - Scheduler SimpleQuartzScheduler_$_SIMPLE_NON_CLUSTERED shutting down.
2009-05-05 09:05:30,305 [main] INFO  org.quartz.core.QuartzScheduler - Scheduler SimpleQuartzScheduler_$_SIMPLE_NON_CLUSTERED paused.
2009-05-05 09:05:30,305 [main] INFO  org.quartz.core.QuartzScheduler - Scheduler SimpleQuartzScheduler_$_SIMPLE_NON_CLUSTERED shutdown complete.
2009-05-05 09:15:37,349 [main] INFO  org.quartz.core.SchedulerSignalerImpl - Initialized Scheduler Signaller of type: class org.quartz.core.SchedulerSignalerImpl
2009-05-05 09:15:37,349 [main] INFO  org.quartz.core.QuartzScheduler - Quartz Scheduler v.1.6.1-RC3 created.
2009-05-05 09:15:37,352 [main] INFO  org.quartz.simpl.RAMJobStore - RAMJobStore initialized.
2009-05-05 09:15:37,353 [main] INFO  org.quartz.impl.DirectSchedulerFactory - Quartz scheduler 'SimpleQuartzScheduler
2009-05-05 09:15:37,354 [main] INFO  org.quartz.impl.DirectSchedulerFactory - Quartz scheduler version: 1.6.1-RC3
2009-05-05 09:15:37,354 [main] INFO  org.quartz.core.QuartzScheduler - Scheduler SimpleQuartzScheduler_$_SIMPLE_NON_CLUSTERED started.
2009-05-05 09:15:37,598 [main] INFO  scheduler.SchedulerService - enabled=true
2009-05-05 09:15:37,599 [main] INFO  scheduler.SchedulerService - time isTue May 05 09:15:37 EST 2009
2009-05-05 09:15:37,599 [main] INFO  scheduler.SchedulerService - description=At 2:0 on the 4th, 1st of JAN,MAR
2009-05-05 09:15:37,599 [main] INFO  scheduler.SchedulerService - no beginjobat
2009-05-05 09:15:37,599 [main] INFO  scheduler.SchedulerService - scheduling the job
2009-05-05 09:15:37,614 [main] INFO  scheduler.SchedulerService - setting description: At 2:0 on the 4th, 1st of JAN,MAR
2009-05-05 09:15:37,616 [main] INFO  scheduler.SchedulerService - creating trigger: id=0 |group=1003 |cron=0 0 2 4,1 JAN,MAR ? *
2009-05-05 09:15:37,628 [main] INFO  scheduler.SchedulerService - Job with id=1003 and 1 crons scheduled successfully
2009-05-05 09:15:37,630 [main] INFO  org.quartz.core.QuartzScheduler - Scheduler SimpleQuartzScheduler_$_SIMPLE_NON_CLUSTERED shutting down.
2009-05-05 09:15:37,630 [main] INFO  org.quartz.core.QuartzScheduler - Scheduler SimpleQuartzScheduler_$_SIMPLE_NON_CLUSTERED paused.
2009-05-05 09:15:37,630 [main] INFO  org.quartz.core.QuartzScheduler - Scheduler SimpleQuartzScheduler_$_SIMPLE_NON_CLUSTERED shutdown complete.
2009-05-05 09:15:37,636 [main] INFO  org.quartz.core.SchedulerSignalerImpl - Initialized Scheduler Signaller of type: class org.quartz.core.SchedulerSignalerImpl
2009-05-05 09:15:37,636 [main] INFO  org.quartz.core.QuartzScheduler - Quartz Scheduler v.1.6.1-RC3 created.
2009-05-05 09:15:37,636 [main] INFO  org.quartz.simpl.RAMJobStore - RAMJobStore initialized.
2009-05-05 09:15:37,636 [main] INFO  org.quartz.impl.DirectSchedulerFactory - Quartz scheduler 'SimpleQuartzScheduler
2009-05-05 09:15:37,637 [main] INFO  org.quartz.impl.DirectSchedulerFactory - Quartz scheduler version: 1.6.1-RC3
2009-05-05 09:15:37,637 [main] INFO  org.quartz.core.QuartzScheduler - Scheduler SimpleQuartzScheduler_$_SIMPLE_NON_CLUSTERED started.
2009-05-05 09:15:37,641 [main] INFO  scheduler.SchedulerService - enabled=true
2009-05-05 09:15:37,642 [main] INFO  scheduler.SchedulerService - time isTue May 05 09:15:37 EST 2009
2009-05-05 09:15:37,642 [main] INFO  scheduler.SchedulerService - description=At 2:0 on the 4th, 1st of JAN,MAR
2009-05-05 09:15:37,642 [main] INFO  scheduler.SchedulerService - no beginjobat
2009-05-05 09:15:37,642 [main] INFO  scheduler.SchedulerService - scheduling the job
2009-05-05 09:15:37,642 [main] INFO  scheduler.SchedulerService - setting description: At 2:0 on the 4th, 1st of JAN,MAR
2009-05-05 09:15:37,642 [main] INFO  scheduler.SchedulerService - creating trigger: id=0 |group=1003 |cron=0 0 2 4,1 JAN,MAR ? *
2009-05-05 09:15:37,646 [main] INFO  scheduler.SchedulerService - Job with id=1003 and 1 crons scheduled successfully
2009-05-05 09:15:37,646 [main] INFO  scheduler.SchedulerService - jobid list = [1003]
2009-05-05 09:15:37,646 [main] INFO  scheduler.SchedulerService - found jobid = 1003
2009-05-05 09:15:37,657 [main] INFO  scheduler.SchedulerService - Schedule removed, id=1003
2009-05-05 09:15:37,658 [main] INFO  scheduler.SchedulerService - jobid list = [1003]
2009-05-05 09:15:37,658 [main] ERROR scheduler.SchedulerService - no Job with id 1003 found
2009-05-05 09:15:37,659 [main] ERROR scheduler.SchedulerService - unable to create the sb xml doc
java.lang.Exception: didn't find anything
	at scheduler.SchedulerService.getschedule(SchedulerService.java:67)
	at scheduler.SchedulerServiceTest.getAndDeleteScheduleTest(SchedulerServiceTest.java:94)
	at sun.reflect.NativeMethodAccessorImpl.invoke0(Native Method)
	at sun.reflect.NativeMethodAccessorImpl.invoke(NativeMethodAccessorImpl.java:39)
	at sun.reflect.DelegatingMethodAccessorImpl.invoke(DelegatingMethodAccessorImpl.java:25)
	at java.lang.reflect.Method.invoke(Method.java:585)
	at org.junit.internal.runners.TestMethod.invoke(TestMethod.java:59)
	at org.junit.internal.runners.MethodRoadie.runTestMethod(MethodRoadie.java:98)
	at org.junit.internal.runners.MethodRoadie$2.run(MethodRoadie.java:79)
	at org.junit.internal.runners.MethodRoadie.runBeforesThenTestThenAfters(MethodRoadie.java:87)
	at org.junit.internal.runners.MethodRoadie.runTest(MethodRoadie.java:77)
	at org.junit.internal.runners.MethodRoadie.run(MethodRoadie.java:42)
	at org.junit.internal.runners.JUnit4ClassRunner.invokeTestMethod(JUnit4ClassRunner.java:88)
	at org.junit.internal.runners.JUnit4ClassRunner.runMethods(JUnit4ClassRunner.java:51)
	at org.junit.internal.runners.JUnit4ClassRunner$1.run(JUnit4ClassRunner.java:44)
	at org.junit.internal.runners.ClassRoadie.runUnprotected(ClassRoadie.java:27)
	at org.junit.internal.runners.ClassRoadie.runProtected(ClassRoadie.java:37)
	at org.junit.internal.runners.JUnit4ClassRunner.run(JUnit4ClassRunner.java:42)
	at org.apache.maven.surefire.junit4.JUnit4TestSet.execute(JUnit4TestSet.java:62)
	at org.apache.maven.surefire.suite.AbstractDirectoryTestSuite.executeTestSet(AbstractDirectoryTestSuite.java:140)
	at org.apache.maven.surefire.suite.AbstractDirectoryTestSuite.execute(AbstractDirectoryTestSuite.java:127)
	at org.apache.maven.surefire.Surefire.run(Surefire.java:177)
	at sun.reflect.NativeMethodAccessorImpl.invoke0(Native Method)
	at sun.reflect.NativeMethodAccessorImpl.invoke(NativeMethodAccessorImpl.java:39)
	at sun.reflect.DelegatingMethodAccessorImpl.invoke(DelegatingMethodAccessorImpl.java:25)
	at java.lang.reflect.Method.invoke(Method.java:585)
	at org.apache.maven.surefire.booter.SurefireBooter.runSuitesInProcess(SurefireBooter.java:338)
	at org.apache.maven.surefire.booter.SurefireBooter.main(SurefireBooter.java:997)
2009-05-05 09:15:37,660 [main] INFO  org.quartz.core.QuartzScheduler - Scheduler SimpleQuartzScheduler_$_SIMPLE_NON_CLUSTERED shutting down.
2009-05-05 09:15:37,660 [main] INFO  org.quartz.core.QuartzScheduler - Scheduler SimpleQuartzScheduler_$_SIMPLE_NON_CLUSTERED paused.
2009-05-05 09:15:37,660 [main] INFO  org.quartz.core.QuartzScheduler - Scheduler SimpleQuartzScheduler_$_SIMPLE_NON_CLUSTERED shutdown complete.
2009-05-05 09:15:37,664 [main] INFO  org.quartz.core.SchedulerSignalerImpl - Initialized Scheduler Signaller of type: class org.quartz.core.SchedulerSignalerImpl
2009-05-05 09:15:37,664 [main] INFO  org.quartz.core.QuartzScheduler - Quartz Scheduler v.1.6.1-RC3 created.
2009-05-05 09:15:37,664 [main] INFO  org.quartz.simpl.RAMJobStore - RAMJobStore initialized.
2009-05-05 09:15:37,664 [main] INFO  org.quartz.impl.DirectSchedulerFactory - Quartz scheduler 'SimpleQuartzScheduler
2009-05-05 09:15:37,664 [main] INFO  org.quartz.impl.DirectSchedulerFactory - Quartz scheduler version: 1.6.1-RC3
2009-05-05 09:15:37,664 [main] INFO  org.quartz.core.QuartzScheduler - Scheduler SimpleQuartzScheduler_$_SIMPLE_NON_CLUSTERED started.
2009-05-05 09:15:37,667 [main] INFO  scheduler.SchedulerService - enabled=true
2009-05-05 09:15:37,667 [main] INFO  scheduler.SchedulerService - time isTue May 05 09:15:37 EST 2009
2009-05-05 09:15:37,667 [main] INFO  scheduler.SchedulerService - description=At 2:0 on the 4th, 1st of JAN,MAR
2009-05-05 09:15:37,667 [main] INFO  scheduler.SchedulerService - no beginjobat
2009-05-05 09:15:37,667 [main] INFO  scheduler.SchedulerService - scheduling the job
2009-05-05 09:15:37,667 [main] INFO  scheduler.SchedulerService - setting description: At 2:0 on the 4th, 1st of JAN,MAR
2009-05-05 09:15:37,667 [main] INFO  scheduler.SchedulerService - creating trigger: id=0 |group=1003 |cron=0 0 2 4,1 JAN,MAR ? *
2009-05-05 09:15:37,669 [main] INFO  scheduler.SchedulerService - Job with id=1003 and 1 crons scheduled successfully
2009-05-05 09:15:37,672 [main] INFO  scheduler.SchedulerService - scheduling a retry with cron=0 0 3 1 JAN ? * retry=null
2009-05-05 09:15:37,676 [main] INFO  scheduler.SchedulerService - scheduled successfully, triggername = retrynull current time is : Tue May 05 09:15:37 EST 2009 next fire time is: Fri Jan 01 03:00:00 EST 2010
2009-05-05 09:15:37,676 [main] INFO  scheduler.SchedulerService - trigger endtime=null final=null
2009-05-05 09:15:37,676 [main] INFO  scheduler.SchedulerService - trigger state =0 scheduler in standby=false is started=true
2009-05-05 09:15:37,677 [main] INFO  org.quartz.core.QuartzScheduler - Scheduler SimpleQuartzScheduler_$_SIMPLE_NON_CLUSTERED shutting down.
2009-05-05 09:15:37,677 [main] INFO  org.quartz.core.QuartzScheduler - Scheduler SimpleQuartzScheduler_$_SIMPLE_NON_CLUSTERED paused.
2009-05-05 09:15:37,677 [main] INFO  org.quartz.core.QuartzScheduler - Scheduler SimpleQuartzScheduler_$_SIMPLE_NON_CLUSTERED shutdown complete.
2009-05-05 10:30:16,910 [main] INFO  org.quartz.core.SchedulerSignalerImpl - Initialized Scheduler Signaller of type: class org.quartz.core.SchedulerSignalerImpl
2009-05-05 10:30:16,911 [main] INFO  org.quartz.core.QuartzScheduler - Quartz Scheduler v.1.6.1-RC3 created.
2009-05-05 10:30:16,914 [main] INFO  org.quartz.simpl.RAMJobStore - RAMJobStore initialized.
2009-05-05 10:30:16,915 [main] INFO  org.quartz.impl.DirectSchedulerFactory - Quartz scheduler 'SimpleQuartzScheduler
2009-05-05 10:30:16,915 [main] INFO  org.quartz.impl.DirectSchedulerFactory - Quartz scheduler version: 1.6.1-RC3
2009-05-05 10:30:16,916 [main] INFO  org.quartz.core.QuartzScheduler - Scheduler SimpleQuartzScheduler_$_SIMPLE_NON_CLUSTERED started.
2009-05-05 10:30:17,156 [main] INFO  scheduler.SchedulerService - enabled=true
2009-05-05 10:30:17,157 [main] INFO  scheduler.SchedulerService - time isTue May 05 10:30:17 EST 2009
2009-05-05 10:30:17,158 [main] INFO  scheduler.SchedulerService - description=At 2:0 on the 4th, 1st of JAN,MAR
2009-05-05 10:30:17,158 [main] INFO  scheduler.SchedulerService - no beginjobat
2009-05-05 10:30:17,158 [main] INFO  scheduler.SchedulerService - scheduling the job
2009-05-05 10:30:17,172 [main] INFO  scheduler.SchedulerService - setting description: At 2:0 on the 4th, 1st of JAN,MAR
2009-05-05 10:30:17,174 [main] INFO  scheduler.SchedulerService - creating trigger: id=0 |group=1003 |cron=0 0 2 4,1 JAN,MAR ? *
2009-05-05 10:30:17,185 [main] INFO  scheduler.SchedulerService - Job with id=1003 and 1 crons scheduled successfully
2009-05-05 10:30:17,185 [main] INFO  org.quartz.core.QuartzScheduler - Scheduler SimpleQuartzScheduler_$_SIMPLE_NON_CLUSTERED shutting down.
2009-05-05 10:30:17,186 [main] INFO  org.quartz.core.QuartzScheduler - Scheduler SimpleQuartzScheduler_$_SIMPLE_NON_CLUSTERED paused.
2009-05-05 10:30:43,241 [main] INFO  org.quartz.core.QuartzScheduler - Scheduler SimpleQuartzScheduler_$_SIMPLE_NON_CLUSTERED shutdown complete.
2009-05-05 10:30:43,247 [main] INFO  org.quartz.core.SchedulerSignalerImpl - Initialized Scheduler Signaller of type: class org.quartz.core.SchedulerSignalerImpl
2009-05-05 10:30:43,247 [main] INFO  org.quartz.core.QuartzScheduler - Quartz Scheduler v.1.6.1-RC3 created.
2009-05-05 10:30:43,247 [main] INFO  org.quartz.simpl.RAMJobStore - RAMJobStore initialized.
2009-05-05 10:30:43,247 [main] INFO  org.quartz.impl.DirectSchedulerFactory - Quartz scheduler 'SimpleQuartzScheduler
2009-05-05 10:30:43,247 [main] INFO  org.quartz.impl.DirectSchedulerFactory - Quartz scheduler version: 1.6.1-RC3
2009-05-05 10:30:43,247 [main] INFO  org.quartz.core.QuartzScheduler - Scheduler SimpleQuartzScheduler_$_SIMPLE_NON_CLUSTERED started.
2009-05-05 10:30:43,252 [main] INFO  scheduler.SchedulerService - enabled=true
2009-05-05 10:30:43,252 [main] INFO  scheduler.SchedulerService - time isTue May 05 10:30:43 EST 2009
2009-05-05 10:30:43,252 [main] INFO  scheduler.SchedulerService - description=At 2:0 on the 4th, 1st of JAN,MAR
2009-05-05 10:30:43,252 [main] INFO  scheduler.SchedulerService - no beginjobat
2009-05-05 10:30:43,252 [main] INFO  scheduler.SchedulerService - scheduling the job
2009-05-05 10:30:43,252 [main] INFO  scheduler.SchedulerService - setting description: At 2:0 on the 4th, 1st of JAN,MAR
2009-05-05 10:30:43,252 [main] INFO  scheduler.SchedulerService - creating trigger: id=0 |group=1003 |cron=0 0 2 4,1 JAN,MAR ? *
2009-05-05 10:30:43,257 [main] INFO  scheduler.SchedulerService - Job with id=1003 and 1 crons scheduled successfully
2009-05-05 10:30:43,257 [main] INFO  scheduler.SchedulerService - jobid list = [1003]
2009-05-05 10:30:43,257 [main] INFO  scheduler.SchedulerService - found jobid = 1003
2009-05-05 10:30:43,268 [main] INFO  scheduler.SchedulerService - Schedule removed, id=1003
2009-05-05 10:30:43,268 [main] INFO  scheduler.SchedulerService - jobid list = [1003]
2009-05-05 10:30:43,268 [main] ERROR scheduler.SchedulerService - no Job with id 1003 found
2009-05-05 10:30:43,269 [main] ERROR scheduler.SchedulerService - unable to create the sb xml doc
java.lang.Exception: didn't find anything
	at scheduler.SchedulerService.getschedule(SchedulerService.java:67)
	at scheduler.SchedulerServiceTest.getAndDeleteScheduleTest(SchedulerServiceTest.java:94)
	at sun.reflect.NativeMethodAccessorImpl.invoke0(Native Method)
	at sun.reflect.NativeMethodAccessorImpl.invoke(NativeMethodAccessorImpl.java:39)
	at sun.reflect.DelegatingMethodAccessorImpl.invoke(DelegatingMethodAccessorImpl.java:25)
	at java.lang.reflect.Method.invoke(Method.java:585)
	at org.junit.internal.runners.TestMethod.invoke(TestMethod.java:59)
	at org.junit.internal.runners.MethodRoadie.runTestMethod(MethodRoadie.java:98)
	at org.junit.internal.runners.MethodRoadie$2.run(MethodRoadie.java:79)
	at org.junit.internal.runners.MethodRoadie.runBeforesThenTestThenAfters(MethodRoadie.java:87)
	at org.junit.internal.runners.MethodRoadie.runTest(MethodRoadie.java:77)
	at org.junit.internal.runners.MethodRoadie.run(MethodRoadie.java:42)
	at org.junit.internal.runners.JUnit4ClassRunner.invokeTestMethod(JUnit4ClassRunner.java:88)
	at org.junit.internal.runners.JUnit4ClassRunner.runMethods(JUnit4ClassRunner.java:51)
	at org.junit.internal.runners.JUnit4ClassRunner$1.run(JUnit4ClassRunner.java:44)
	at org.junit.internal.runners.ClassRoadie.runUnprotected(ClassRoadie.java:27)
	at org.junit.internal.runners.ClassRoadie.runProtected(ClassRoadie.java:37)
	at org.junit.internal.runners.JUnit4ClassRunner.run(JUnit4ClassRunner.java:42)
	at org.apache.maven.surefire.junit4.JUnit4TestSet.execute(JUnit4TestSet.java:62)
	at org.apache.maven.surefire.suite.AbstractDirectoryTestSuite.executeTestSet(AbstractDirectoryTestSuite.java:140)
	at org.apache.maven.surefire.suite.AbstractDirectoryTestSuite.execute(AbstractDirectoryTestSuite.java:127)
	at org.apache.maven.surefire.Surefire.run(Surefire.java:177)
	at sun.reflect.NativeMethodAccessorImpl.invoke0(Native Method)
	at sun.reflect.NativeMethodAccessorImpl.invoke(NativeMethodAccessorImpl.java:39)
	at sun.reflect.DelegatingMethodAccessorImpl.invoke(DelegatingMethodAccessorImpl.java:25)
	at java.lang.reflect.Method.invoke(Method.java:585)
	at org.apache.maven.surefire.booter.SurefireBooter.runSuitesInProcess(SurefireBooter.java:338)
	at org.apache.maven.surefire.booter.SurefireBooter.main(SurefireBooter.java:997)
2009-05-05 10:30:43,270 [main] INFO  org.quartz.core.QuartzScheduler - Scheduler SimpleQuartzScheduler_$_SIMPLE_NON_CLUSTERED shutting down.
2009-05-05 10:30:43,270 [main] INFO  org.quartz.core.QuartzScheduler - Scheduler SimpleQuartzScheduler_$_SIMPLE_NON_CLUSTERED paused.
2009-05-05 10:30:43,270 [main] INFO  org.quartz.core.QuartzScheduler - Scheduler SimpleQuartzScheduler_$_SIMPLE_NON_CLUSTERED shutdown complete.
2009-05-05 10:30:43,273 [main] INFO  org.quartz.core.SchedulerSignalerImpl - Initialized Scheduler Signaller of type: class org.quartz.core.SchedulerSignalerImpl
2009-05-05 10:30:43,273 [main] INFO  org.quartz.core.QuartzScheduler - Quartz Scheduler v.1.6.1-RC3 created.
2009-05-05 10:30:43,273 [main] INFO  org.quartz.simpl.RAMJobStore - RAMJobStore initialized.
2009-05-05 10:30:43,273 [main] INFO  org.quartz.impl.DirectSchedulerFactory - Quartz scheduler 'SimpleQuartzScheduler
2009-05-05 10:30:43,273 [main] INFO  org.quartz.impl.DirectSchedulerFactory - Quartz scheduler version: 1.6.1-RC3
2009-05-05 10:30:43,274 [main] INFO  org.quartz.core.QuartzScheduler - Scheduler SimpleQuartzScheduler_$_SIMPLE_NON_CLUSTERED started.
2009-05-05 10:30:43,276 [main] INFO  scheduler.SchedulerService - enabled=true
2009-05-05 10:30:43,277 [main] INFO  scheduler.SchedulerService - time isTue May 05 10:30:43 EST 2009
2009-05-05 10:30:43,277 [main] INFO  scheduler.SchedulerService - description=At 2:0 on the 4th, 1st of JAN,MAR
2009-05-05 10:30:43,277 [main] INFO  scheduler.SchedulerService - no beginjobat
2009-05-05 10:30:43,277 [main] INFO  scheduler.SchedulerService - scheduling the job
2009-05-05 10:30:43,277 [main] INFO  scheduler.SchedulerService - setting description: At 2:0 on the 4th, 1st of JAN,MAR
2009-05-05 10:30:43,277 [main] INFO  scheduler.SchedulerService - creating trigger: id=0 |group=1003 |cron=0 0 2 4,1 JAN,MAR ? *
2009-05-05 10:30:43,279 [main] INFO  scheduler.SchedulerService - Job with id=1003 and 1 crons scheduled successfully
2009-05-05 10:30:43,281 [main] INFO  scheduler.SchedulerService - scheduling a retry with cron=0 0 3 1 JAN ? * retry=null
2009-05-05 10:30:43,286 [main] INFO  scheduler.SchedulerService - scheduled successfully, triggername = retrynull current time is : Tue May 05 10:30:43 EST 2009 next fire time is: Fri Jan 01 03:00:00 EST 2010
2009-05-05 10:30:43,286 [main] INFO  scheduler.SchedulerService - trigger endtime=null final=null
2009-05-05 10:30:43,286 [main] INFO  scheduler.SchedulerService - trigger state =0 scheduler in standby=false is started=true
2009-05-05 10:30:43,287 [main] INFO  org.quartz.core.QuartzScheduler - Scheduler SimpleQuartzScheduler_$_SIMPLE_NON_CLUSTERED shutting down.
2009-05-05 10:30:43,287 [main] INFO  org.quartz.core.QuartzScheduler - Scheduler SimpleQuartzScheduler_$_SIMPLE_NON_CLUSTERED paused.
2009-05-05 10:30:43,287 [main] INFO  org.quartz.core.QuartzScheduler - Scheduler SimpleQuartzScheduler_$_SIMPLE_NON_CLUSTERED shutdown complete.
2009-05-05 10:31:43,717 [main] INFO  org.quartz.core.SchedulerSignalerImpl - Initialized Scheduler Signaller of type: class org.quartz.core.SchedulerSignalerImpl
2009-05-05 10:31:43,718 [main] INFO  org.quartz.core.QuartzScheduler - Quartz Scheduler v.1.6.1-RC3 created.
2009-05-05 10:31:43,721 [main] INFO  org.quartz.simpl.RAMJobStore - RAMJobStore initialized.
2009-05-05 10:31:43,723 [main] INFO  org.quartz.impl.DirectSchedulerFactory - Quartz scheduler 'SimpleQuartzScheduler
2009-05-05 10:31:43,723 [main] INFO  org.quartz.impl.DirectSchedulerFactory - Quartz scheduler version: 1.6.1-RC3
2009-05-05 10:31:43,723 [main] INFO  org.quartz.core.QuartzScheduler - Scheduler SimpleQuartzScheduler_$_SIMPLE_NON_CLUSTERED started.
2009-05-05 10:31:43,964 [main] INFO  scheduler.SchedulerService - enabled=true
2009-05-05 10:31:43,965 [main] INFO  scheduler.SchedulerService - time isTue May 05 10:31:43 EST 2009
2009-05-05 10:31:43,965 [main] INFO  scheduler.SchedulerService - description=At 2:0 on the 4th, 1st of JAN,MAR
2009-05-05 10:31:43,965 [main] INFO  scheduler.SchedulerService - no beginjobat
2009-05-05 10:31:43,965 [main] INFO  scheduler.SchedulerService - scheduling the job
2009-05-05 10:31:43,979 [main] INFO  scheduler.SchedulerService - setting description: At 2:0 on the 4th, 1st of JAN,MAR
2009-05-05 10:31:43,981 [main] INFO  scheduler.SchedulerService - creating trigger: id=0 |group=1003 |cron=0 0 2 4,1 JAN,MAR ? *
2009-05-05 10:31:43,993 [main] INFO  scheduler.SchedulerService - Job with id=1003 and 1 crons scheduled successfully
2009-05-05 10:31:43,994 [main] INFO  org.quartz.core.QuartzScheduler - Scheduler SimpleQuartzScheduler_$_SIMPLE_NON_CLUSTERED shutting down.
2009-05-05 10:31:43,994 [main] INFO  org.quartz.core.QuartzScheduler - Scheduler SimpleQuartzScheduler_$_SIMPLE_NON_CLUSTERED paused.
2009-05-05 10:31:43,994 [main] INFO  org.quartz.core.QuartzScheduler - Scheduler SimpleQuartzScheduler_$_SIMPLE_NON_CLUSTERED shutdown complete.
2009-05-05 10:31:44,000 [main] INFO  org.quartz.core.SchedulerSignalerImpl - Initialized Scheduler Signaller of type: class org.quartz.core.SchedulerSignalerImpl
2009-05-05 10:31:44,000 [main] INFO  org.quartz.core.QuartzScheduler - Quartz Scheduler v.1.6.1-RC3 created.
2009-05-05 10:31:44,000 [main] INFO  org.quartz.simpl.RAMJobStore - RAMJobStore initialized.
2009-05-05 10:31:44,001 [main] INFO  org.quartz.impl.DirectSchedulerFactory - Quartz scheduler 'SimpleQuartzScheduler
2009-05-05 10:31:44,001 [main] INFO  org.quartz.impl.DirectSchedulerFactory - Quartz scheduler version: 1.6.1-RC3
2009-05-05 10:31:44,001 [main] INFO  org.quartz.core.QuartzScheduler - Scheduler SimpleQuartzScheduler_$_SIMPLE_NON_CLUSTERED started.
2009-05-05 10:31:44,006 [main] INFO  scheduler.SchedulerService - enabled=true
2009-05-05 10:31:44,006 [main] INFO  scheduler.SchedulerService - time isTue May 05 10:31:44 EST 2009
2009-05-05 10:31:44,006 [main] INFO  scheduler.SchedulerService - description=At 2:0 on the 4th, 1st of JAN,MAR
2009-05-05 10:31:44,006 [main] INFO  scheduler.SchedulerService - no beginjobat
2009-05-05 10:31:44,006 [main] INFO  scheduler.SchedulerService - scheduling the job
2009-05-05 10:31:44,006 [main] INFO  scheduler.SchedulerService - setting description: At 2:0 on the 4th, 1st of JAN,MAR
2009-05-05 10:31:44,006 [main] INFO  scheduler.SchedulerService - creating trigger: id=0 |group=1003 |cron=0 0 2 4,1 JAN,MAR ? *
2009-05-05 10:31:44,010 [main] INFO  scheduler.SchedulerService - Job with id=1003 and 1 crons scheduled successfully
2009-05-05 10:31:44,010 [main] INFO  scheduler.SchedulerService - jobid list = [1003]
2009-05-05 10:31:44,010 [main] INFO  scheduler.SchedulerService - found jobid = 1003
2009-05-05 10:31:44,021 [main] INFO  scheduler.SchedulerService - Schedule removed, id=1003
2009-05-05 10:31:44,021 [main] INFO  scheduler.SchedulerService - jobid list = [1003]
2009-05-05 10:31:44,021 [main] ERROR scheduler.SchedulerService - no Job with id 1003 found
2009-05-05 10:31:44,022 [main] ERROR scheduler.SchedulerService - unable to create the sb xml doc
java.lang.Exception: didn't find anything
	at scheduler.SchedulerService.getschedule(SchedulerService.java:67)
	at scheduler.SchedulerServiceTest.getAndDeleteScheduleTest(SchedulerServiceTest.java:94)
	at sun.reflect.NativeMethodAccessorImpl.invoke0(Native Method)
	at sun.reflect.NativeMethodAccessorImpl.invoke(NativeMethodAccessorImpl.java:39)
	at sun.reflect.DelegatingMethodAccessorImpl.invoke(DelegatingMethodAccessorImpl.java:25)
	at java.lang.reflect.Method.invoke(Method.java:585)
	at org.junit.internal.runners.TestMethod.invoke(TestMethod.java:59)
	at org.junit.internal.runners.MethodRoadie.runTestMethod(MethodRoadie.java:98)
	at org.junit.internal.runners.MethodRoadie$2.run(MethodRoadie.java:79)
	at org.junit.internal.runners.MethodRoadie.runBeforesThenTestThenAfters(MethodRoadie.java:87)
	at org.junit.internal.runners.MethodRoadie.runTest(MethodRoadie.java:77)
	at org.junit.internal.runners.MethodRoadie.run(MethodRoadie.java:42)
	at org.junit.internal.runners.JUnit4ClassRunner.invokeTestMethod(JUnit4ClassRunner.java:88)
	at org.junit.internal.runners.JUnit4ClassRunner.runMethods(JUnit4ClassRunner.java:51)
	at org.junit.internal.runners.JUnit4ClassRunner$1.run(JUnit4ClassRunner.java:44)
	at org.junit.internal.runners.ClassRoadie.runUnprotected(ClassRoadie.java:27)
	at org.junit.internal.runners.ClassRoadie.runProtected(ClassRoadie.java:37)
	at org.junit.internal.runners.JUnit4ClassRunner.run(JUnit4ClassRunner.java:42)
	at org.apache.maven.surefire.junit4.JUnit4TestSet.execute(JUnit4TestSet.java:62)
	at org.apache.maven.surefire.suite.AbstractDirectoryTestSuite.executeTestSet(AbstractDirectoryTestSuite.java:140)
	at org.apache.maven.surefire.suite.AbstractDirectoryTestSuite.execute(AbstractDirectoryTestSuite.java:127)
	at org.apache.maven.surefire.Surefire.run(Surefire.java:177)
	at sun.reflect.NativeMethodAccessorImpl.invoke0(Native Method)
	at sun.reflect.NativeMethodAccessorImpl.invoke(NativeMethodAccessorImpl.java:39)
	at sun.reflect.DelegatingMethodAccessorImpl.invoke(DelegatingMethodAccessorImpl.java:25)
	at java.lang.reflect.Method.invoke(Method.java:585)
	at org.apache.maven.surefire.booter.SurefireBooter.runSuitesInProcess(SurefireBooter.java:338)
	at org.apache.maven.surefire.booter.SurefireBooter.main(SurefireBooter.java:997)
2009-05-05 10:31:44,023 [main] INFO  org.quartz.core.QuartzScheduler - Scheduler SimpleQuartzScheduler_$_SIMPLE_NON_CLUSTERED shutting down.
2009-05-05 10:31:44,023 [main] INFO  org.quartz.core.QuartzScheduler - Scheduler SimpleQuartzScheduler_$_SIMPLE_NON_CLUSTERED paused.
2009-05-05 10:31:44,023 [main] INFO  org.quartz.core.QuartzScheduler - Scheduler SimpleQuartzScheduler_$_SIMPLE_NON_CLUSTERED shutdown complete.
2009-05-05 10:31:44,026 [main] INFO  org.quartz.core.SchedulerSignalerImpl - Initialized Scheduler Signaller of type: class org.quartz.core.SchedulerSignalerImpl
2009-05-05 10:31:44,026 [main] INFO  org.quartz.core.QuartzScheduler - Quartz Scheduler v.1.6.1-RC3 created.
2009-05-05 10:31:44,027 [main] INFO  org.quartz.simpl.RAMJobStore - RAMJobStore initialized.
2009-05-05 10:31:44,027 [main] INFO  org.quartz.impl.DirectSchedulerFactory - Quartz scheduler 'SimpleQuartzScheduler
2009-05-05 10:31:44,027 [main] INFO  org.quartz.impl.DirectSchedulerFactory - Quartz scheduler version: 1.6.1-RC3
2009-05-05 10:31:44,027 [main] INFO  org.quartz.core.QuartzScheduler - Scheduler SimpleQuartzScheduler_$_SIMPLE_NON_CLUSTERED started.
2009-05-05 10:31:44,029 [main] INFO  scheduler.SchedulerService - enabled=true
2009-05-05 10:31:44,030 [main] INFO  scheduler.SchedulerService - time isTue May 05 10:31:44 EST 2009
2009-05-05 10:31:44,030 [main] INFO  scheduler.SchedulerService - description=At 2:0 on the 4th, 1st of JAN,MAR
2009-05-05 10:31:44,030 [main] INFO  scheduler.SchedulerService - no beginjobat
2009-05-05 10:31:44,030 [main] INFO  scheduler.SchedulerService - scheduling the job
2009-05-05 10:31:44,030 [main] INFO  scheduler.SchedulerService - setting description: At 2:0 on the 4th, 1st of JAN,MAR
2009-05-05 10:31:44,030 [main] INFO  scheduler.SchedulerService - creating trigger: id=0 |group=1003 |cron=0 0 2 4,1 JAN,MAR ? *
2009-05-05 10:31:44,032 [main] INFO  scheduler.SchedulerService - Job with id=1003 and 1 crons scheduled successfully
2009-05-05 10:31:44,034 [main] INFO  scheduler.SchedulerService - scheduling a retry with cron=0 0 3 1 JAN ? * retry=null
2009-05-05 10:31:44,038 [main] INFO  scheduler.SchedulerService - scheduled successfully, triggername = retrynull current time is : Tue May 05 10:31:44 EST 2009 next fire time is: Fri Jan 01 03:00:00 EST 2010
2009-05-05 10:31:44,038 [main] INFO  scheduler.SchedulerService - trigger endtime=null final=null
2009-05-05 10:31:44,038 [main] INFO  scheduler.SchedulerService - trigger state =0 scheduler in standby=false is started=true
2009-05-05 10:31:44,039 [main] INFO  org.quartz.core.QuartzScheduler - Scheduler SimpleQuartzScheduler_$_SIMPLE_NON_CLUSTERED shutting down.
2009-05-05 10:31:44,039 [main] INFO  org.quartz.core.QuartzScheduler - Scheduler SimpleQuartzScheduler_$_SIMPLE_NON_CLUSTERED paused.
2009-05-05 10:31:44,040 [main] INFO  org.quartz.core.QuartzScheduler - Scheduler SimpleQuartzScheduler_$_SIMPLE_NON_CLUSTERED shutdown complete.
2009-05-05 10:32:59,957 [main] INFO  org.quartz.core.SchedulerSignalerImpl - Initialized Scheduler Signaller of type: class org.quartz.core.SchedulerSignalerImpl
2009-05-05 10:32:59,958 [main] INFO  org.quartz.core.QuartzScheduler - Quartz Scheduler v.1.6.1-RC3 created.
2009-05-05 10:32:59,961 [main] INFO  org.quartz.simpl.RAMJobStore - RAMJobStore initialized.
2009-05-05 10:32:59,963 [main] INFO  org.quartz.impl.DirectSchedulerFactory - Quartz scheduler 'SimpleQuartzScheduler
2009-05-05 10:32:59,963 [main] INFO  org.quartz.impl.DirectSchedulerFactory - Quartz scheduler version: 1.6.1-RC3
2009-05-05 10:32:59,964 [main] INFO  org.quartz.core.QuartzScheduler - Scheduler SimpleQuartzScheduler_$_SIMPLE_NON_CLUSTERED started.
2009-05-05 10:33:00,209 [main] INFO  scheduler.SchedulerService - enabled=true
2009-05-05 10:33:00,211 [main] INFO  scheduler.SchedulerService - time isTue May 05 10:33:00 EST 2009
2009-05-05 10:33:00,211 [main] INFO  scheduler.SchedulerService - description=At 2:0 on the 4th, 1st of JAN,MAR
2009-05-05 10:33:00,211 [main] INFO  scheduler.SchedulerService - no beginjobat
2009-05-05 10:33:00,211 [main] INFO  scheduler.SchedulerService - scheduling the job
2009-05-05 10:33:00,225 [main] INFO  scheduler.SchedulerService - setting description: At 2:0 on the 4th, 1st of JAN,MAR
2009-05-05 10:33:00,227 [main] INFO  scheduler.SchedulerService - creating trigger: id=0 |group=1003 |cron=0 0 2 4,1 JAN,MAR ? *
2009-05-05 10:33:00,239 [main] INFO  scheduler.SchedulerService - Job with id=1003 and 1 crons scheduled successfully
2009-05-05 10:33:00,240 [main] INFO  org.quartz.core.QuartzScheduler - Scheduler SimpleQuartzScheduler_$_SIMPLE_NON_CLUSTERED shutting down.
2009-05-05 10:33:00,240 [main] INFO  org.quartz.core.QuartzScheduler - Scheduler SimpleQuartzScheduler_$_SIMPLE_NON_CLUSTERED paused.
2009-05-05 10:33:29,045 [main] INFO  org.quartz.core.QuartzScheduler - Scheduler SimpleQuartzScheduler_$_SIMPLE_NON_CLUSTERED shutdown complete.
2009-05-05 10:33:29,051 [main] INFO  org.quartz.core.SchedulerSignalerImpl - Initialized Scheduler Signaller of type: class org.quartz.core.SchedulerSignalerImpl
2009-05-05 10:33:29,051 [main] INFO  org.quartz.core.QuartzScheduler - Quartz Scheduler v.1.6.1-RC3 created.
2009-05-05 10:33:29,051 [main] INFO  org.quartz.simpl.RAMJobStore - RAMJobStore initialized.
2009-05-05 10:33:29,051 [main] INFO  org.quartz.impl.DirectSchedulerFactory - Quartz scheduler 'SimpleQuartzScheduler
2009-05-05 10:33:29,051 [main] INFO  org.quartz.impl.DirectSchedulerFactory - Quartz scheduler version: 1.6.1-RC3
2009-05-05 10:33:29,051 [main] INFO  org.quartz.core.QuartzScheduler - Scheduler SimpleQuartzScheduler_$_SIMPLE_NON_CLUSTERED started.
2009-05-05 10:33:29,056 [main] INFO  scheduler.SchedulerService - enabled=true
2009-05-05 10:33:29,056 [main] INFO  scheduler.SchedulerService - time isTue May 05 10:33:29 EST 2009
2009-05-05 10:33:29,056 [main] INFO  scheduler.SchedulerService - description=At 2:0 on the 4th, 1st of JAN,MAR
2009-05-05 10:33:29,056 [main] INFO  scheduler.SchedulerService - no beginjobat
2009-05-05 10:33:29,056 [main] INFO  scheduler.SchedulerService - scheduling the job
2009-05-05 10:33:29,056 [main] INFO  scheduler.SchedulerService - setting description: At 2:0 on the 4th, 1st of JAN,MAR
2009-05-05 10:33:29,056 [main] INFO  scheduler.SchedulerService - creating trigger: id=0 |group=1003 |cron=0 0 2 4,1 JAN,MAR ? *
2009-05-05 10:33:29,061 [main] INFO  scheduler.SchedulerService - Job with id=1003 and 1 crons scheduled successfully
2009-05-05 10:33:29,061 [main] INFO  scheduler.SchedulerService - jobid list = [1003]
2009-05-05 10:33:29,061 [main] INFO  scheduler.SchedulerService - found jobid = 1003
2009-05-05 10:33:29,072 [main] INFO  scheduler.SchedulerService - Schedule removed, id=1003
2009-05-05 10:33:29,072 [main] INFO  scheduler.SchedulerService - jobid list = [1003]
2009-05-05 10:33:29,072 [main] ERROR scheduler.SchedulerService - no Job with id 1003 found
2009-05-05 10:33:29,073 [main] ERROR scheduler.SchedulerService - unable to create the sb xml doc
java.lang.Exception: didn't find anything
	at scheduler.SchedulerService.getschedule(SchedulerService.java:67)
	at scheduler.SchedulerServiceTest.getAndDeleteScheduleTest(SchedulerServiceTest.java:94)
	at sun.reflect.NativeMethodAccessorImpl.invoke0(Native Method)
	at sun.reflect.NativeMethodAccessorImpl.invoke(NativeMethodAccessorImpl.java:39)
	at sun.reflect.DelegatingMethodAccessorImpl.invoke(DelegatingMethodAccessorImpl.java:25)
	at java.lang.reflect.Method.invoke(Method.java:585)
	at org.junit.internal.runners.TestMethod.invoke(TestMethod.java:59)
	at org.junit.internal.runners.MethodRoadie.runTestMethod(MethodRoadie.java:98)
	at org.junit.internal.runners.MethodRoadie$2.run(MethodRoadie.java:79)
	at org.junit.internal.runners.MethodRoadie.runBeforesThenTestThenAfters(MethodRoadie.java:87)
	at org.junit.internal.runners.MethodRoadie.runTest(MethodRoadie.java:77)
	at org.junit.internal.runners.MethodRoadie.run(MethodRoadie.java:42)
	at org.junit.internal.runners.JUnit4ClassRunner.invokeTestMethod(JUnit4ClassRunner.java:88)
	at org.junit.internal.runners.JUnit4ClassRunner.runMethods(JUnit4ClassRunner.java:51)
	at org.junit.internal.runners.JUnit4ClassRunner$1.run(JUnit4ClassRunner.java:44)
	at org.junit.internal.runners.ClassRoadie.runUnprotected(ClassRoadie.java:27)
	at org.junit.internal.runners.ClassRoadie.runProtected(ClassRoadie.java:37)
	at org.junit.internal.runners.JUnit4ClassRunner.run(JUnit4ClassRunner.java:42)
	at org.apache.maven.surefire.junit4.JUnit4TestSet.execute(JUnit4TestSet.java:62)
	at org.apache.maven.surefire.suite.AbstractDirectoryTestSuite.executeTestSet(AbstractDirectoryTestSuite.java:140)
	at org.apache.maven.surefire.suite.AbstractDirectoryTestSuite.execute(AbstractDirectoryTestSuite.java:127)
	at org.apache.maven.surefire.Surefire.run(Surefire.java:177)
	at sun.reflect.NativeMethodAccessorImpl.invoke0(Native Method)
	at sun.reflect.NativeMethodAccessorImpl.invoke(NativeMethodAccessorImpl.java:39)
	at sun.reflect.DelegatingMethodAccessorImpl.invoke(DelegatingMethodAccessorImpl.java:25)
	at java.lang.reflect.Method.invoke(Method.java:585)
	at org.apache.maven.surefire.booter.SurefireBooter.runSuitesInProcess(SurefireBooter.java:338)
	at org.apache.maven.surefire.booter.SurefireBooter.main(SurefireBooter.java:997)
2009-05-05 10:33:29,074 [main] INFO  org.quartz.core.QuartzScheduler - Scheduler SimpleQuartzScheduler_$_SIMPLE_NON_CLUSTERED shutting down.
2009-05-05 10:33:29,074 [main] INFO  org.quartz.core.QuartzScheduler - Scheduler SimpleQuartzScheduler_$_SIMPLE_NON_CLUSTERED paused.
2009-05-05 10:33:29,074 [main] INFO  org.quartz.core.QuartzScheduler - Scheduler SimpleQuartzScheduler_$_SIMPLE_NON_CLUSTERED shutdown complete.
2009-05-05 10:33:29,077 [main] INFO  org.quartz.core.SchedulerSignalerImpl - Initialized Scheduler Signaller of type: class org.quartz.core.SchedulerSignalerImpl
2009-05-05 10:33:29,077 [main] INFO  org.quartz.core.QuartzScheduler - Quartz Scheduler v.1.6.1-RC3 created.
2009-05-05 10:33:29,077 [main] INFO  org.quartz.simpl.RAMJobStore - RAMJobStore initialized.
2009-05-05 10:33:29,077 [main] INFO  org.quartz.impl.DirectSchedulerFactory - Quartz scheduler 'SimpleQuartzScheduler
2009-05-05 10:33:29,077 [main] INFO  org.quartz.impl.DirectSchedulerFactory - Quartz scheduler version: 1.6.1-RC3
2009-05-05 10:33:29,078 [main] INFO  org.quartz.core.QuartzScheduler - Scheduler SimpleQuartzScheduler_$_SIMPLE_NON_CLUSTERED started.
2009-05-05 10:33:29,080 [main] INFO  scheduler.SchedulerService - enabled=true
2009-05-05 10:33:29,080 [main] INFO  scheduler.SchedulerService - time isTue May 05 10:33:29 EST 2009
2009-05-05 10:33:29,080 [main] INFO  scheduler.SchedulerService - description=At 2:0 on the 4th, 1st of JAN,MAR
2009-05-05 10:33:29,080 [main] INFO  scheduler.SchedulerService - no beginjobat
2009-05-05 10:33:29,080 [main] INFO  scheduler.SchedulerService - scheduling the job
2009-05-05 10:33:29,081 [main] INFO  scheduler.SchedulerService - setting description: At 2:0 on the 4th, 1st of JAN,MAR
2009-05-05 10:33:29,081 [main] INFO  scheduler.SchedulerService - creating trigger: id=0 |group=1003 |cron=0 0 2 4,1 JAN,MAR ? *
2009-05-05 10:33:29,083 [main] INFO  scheduler.SchedulerService - Job with id=1003 and 1 crons scheduled successfully
2009-05-05 10:33:29,085 [main] INFO  scheduler.SchedulerService - scheduling a retry with cron=0 0 3 1 JAN ? * retry=null
2009-05-05 10:33:29,090 [main] INFO  scheduler.SchedulerService - scheduled successfully, triggername = retrynull current time is : Tue May 05 10:33:29 EST 2009 next fire time is: Fri Jan 01 03:00:00 EST 2010
2009-05-05 10:33:29,090 [main] INFO  scheduler.SchedulerService - trigger endtime=null final=null
2009-05-05 10:33:29,090 [main] INFO  scheduler.SchedulerService - trigger state =0 scheduler in standby=false is started=true
2009-05-05 10:33:29,091 [main] INFO  org.quartz.core.QuartzScheduler - Scheduler SimpleQuartzScheduler_$_SIMPLE_NON_CLUSTERED shutting down.
2009-05-05 10:33:29,091 [main] INFO  org.quartz.core.QuartzScheduler - Scheduler SimpleQuartzScheduler_$_SIMPLE_NON_CLUSTERED paused.
2009-05-05 10:33:29,091 [main] INFO  org.quartz.core.QuartzScheduler - Scheduler SimpleQuartzScheduler_$_SIMPLE_NON_CLUSTERED shutdown complete.
2009-05-05 10:38:15,313 [main] INFO  org.quartz.core.SchedulerSignalerImpl - Initialized Scheduler Signaller of type: class org.quartz.core.SchedulerSignalerImpl
2009-05-05 10:38:15,313 [main] INFO  org.quartz.core.QuartzScheduler - Quartz Scheduler v.1.6.1-RC3 created.
2009-05-05 10:38:15,316 [main] INFO  org.quartz.simpl.RAMJobStore - RAMJobStore initialized.
2009-05-05 10:38:15,318 [main] INFO  org.quartz.impl.DirectSchedulerFactory - Quartz scheduler 'SimpleQuartzScheduler
2009-05-05 10:38:15,318 [main] INFO  org.quartz.impl.DirectSchedulerFactory - Quartz scheduler version: 1.6.1-RC3
2009-05-05 10:38:15,319 [main] INFO  org.quartz.core.QuartzScheduler - Scheduler SimpleQuartzScheduler_$_SIMPLE_NON_CLUSTERED started.
2009-05-05 10:38:15,565 [main] INFO  scheduler.SchedulerService - enabled=true
2009-05-05 10:38:15,566 [main] INFO  scheduler.SchedulerService - time isTue May 05 10:38:15 EST 2009
2009-05-05 10:38:15,566 [main] INFO  scheduler.SchedulerService - description=At 2:0 on the 4th, 1st of JAN,MAR
2009-05-05 10:38:15,566 [main] INFO  scheduler.SchedulerService - no beginjobat
2009-05-05 10:38:15,566 [main] INFO  scheduler.SchedulerService - scheduling the job
2009-05-05 10:38:15,580 [main] INFO  scheduler.SchedulerService - setting description: At 2:0 on the 4th, 1st of JAN,MAR
2009-05-05 10:38:15,582 [main] INFO  scheduler.SchedulerService - creating trigger: id=0 |group=1003 |cron=0 0 2 4,1 JAN,MAR ? *
2009-05-05 10:38:15,593 [main] INFO  scheduler.SchedulerService - Job with id=1003 and 1 crons scheduled successfully
2009-05-05 10:38:15,594 [main] INFO  org.quartz.core.QuartzScheduler - Scheduler SimpleQuartzScheduler_$_SIMPLE_NON_CLUSTERED shutting down.
2009-05-05 10:38:15,594 [main] INFO  org.quartz.core.QuartzScheduler - Scheduler SimpleQuartzScheduler_$_SIMPLE_NON_CLUSTERED paused.
2009-05-05 10:38:41,570 [main] INFO  org.quartz.core.QuartzScheduler - Scheduler SimpleQuartzScheduler_$_SIMPLE_NON_CLUSTERED shutdown complete.
2009-05-05 10:38:41,577 [main] INFO  org.quartz.core.SchedulerSignalerImpl - Initialized Scheduler Signaller of type: class org.quartz.core.SchedulerSignalerImpl
2009-05-05 10:38:41,577 [main] INFO  org.quartz.core.QuartzScheduler - Quartz Scheduler v.1.6.1-RC3 created.
2009-05-05 10:38:41,577 [main] INFO  org.quartz.simpl.RAMJobStore - RAMJobStore initialized.
2009-05-05 10:38:41,577 [main] INFO  org.quartz.impl.DirectSchedulerFactory - Quartz scheduler 'SimpleQuartzScheduler
2009-05-05 10:38:41,577 [main] INFO  org.quartz.impl.DirectSchedulerFactory - Quartz scheduler version: 1.6.1-RC3
2009-05-05 10:38:41,577 [main] INFO  org.quartz.core.QuartzScheduler - Scheduler SimpleQuartzScheduler_$_SIMPLE_NON_CLUSTERED started.
2009-05-05 10:38:41,581 [main] INFO  scheduler.SchedulerService - enabled=true
2009-05-05 10:38:41,581 [main] INFO  scheduler.SchedulerService - time isTue May 05 10:38:41 EST 2009
2009-05-05 10:38:41,581 [main] INFO  scheduler.SchedulerService - description=At 2:0 on the 4th, 1st of JAN,MAR
2009-05-05 10:38:41,582 [main] INFO  scheduler.SchedulerService - no beginjobat
2009-05-05 10:38:41,582 [main] INFO  scheduler.SchedulerService - scheduling the job
2009-05-05 10:38:41,582 [main] INFO  scheduler.SchedulerService - setting description: At 2:0 on the 4th, 1st of JAN,MAR
2009-05-05 10:38:41,582 [main] INFO  scheduler.SchedulerService - creating trigger: id=0 |group=1003 |cron=0 0 2 4,1 JAN,MAR ? *
2009-05-05 10:38:41,586 [main] INFO  scheduler.SchedulerService - Job with id=1003 and 1 crons scheduled successfully
2009-05-05 10:38:41,586 [main] INFO  scheduler.SchedulerService - jobid list = [1003]
2009-05-05 10:38:41,586 [main] INFO  scheduler.SchedulerService - found jobid = 1003
2009-05-05 10:38:41,597 [main] INFO  scheduler.SchedulerService - Schedule removed, id=1003
2009-05-05 10:38:41,597 [main] INFO  scheduler.SchedulerService - jobid list = [1003]
2009-05-05 10:38:41,597 [main] ERROR scheduler.SchedulerService - no Job with id 1003 found
2009-05-05 10:38:41,598 [main] ERROR scheduler.SchedulerService - unable to create the sb xml doc
java.lang.Exception: didn't find anything
	at scheduler.SchedulerService.getschedule(SchedulerService.java:67)
	at scheduler.SchedulerServiceTest.getAndDeleteScheduleTest(SchedulerServiceTest.java:94)
	at sun.reflect.NativeMethodAccessorImpl.invoke0(Native Method)
	at sun.reflect.NativeMethodAccessorImpl.invoke(NativeMethodAccessorImpl.java:39)
	at sun.reflect.DelegatingMethodAccessorImpl.invoke(DelegatingMethodAccessorImpl.java:25)
	at java.lang.reflect.Method.invoke(Method.java:585)
	at org.junit.internal.runners.TestMethod.invoke(TestMethod.java:59)
	at org.junit.internal.runners.MethodRoadie.runTestMethod(MethodRoadie.java:98)
	at org.junit.internal.runners.MethodRoadie$2.run(MethodRoadie.java:79)
	at org.junit.internal.runners.MethodRoadie.runBeforesThenTestThenAfters(MethodRoadie.java:87)
	at org.junit.internal.runners.MethodRoadie.runTest(MethodRoadie.java:77)
	at org.junit.internal.runners.MethodRoadie.run(MethodRoadie.java:42)
	at org.junit.internal.runners.JUnit4ClassRunner.invokeTestMethod(JUnit4ClassRunner.java:88)
	at org.junit.internal.runners.JUnit4ClassRunner.runMethods(JUnit4ClassRunner.java:51)
	at org.junit.internal.runners.JUnit4ClassRunner$1.run(JUnit4ClassRunner.java:44)
	at org.junit.internal.runners.ClassRoadie.runUnprotected(ClassRoadie.java:27)
	at org.junit.internal.runners.ClassRoadie.runProtected(ClassRoadie.java:37)
	at org.junit.internal.runners.JUnit4ClassRunner.run(JUnit4ClassRunner.java:42)
	at org.apache.maven.surefire.junit4.JUnit4TestSet.execute(JUnit4TestSet.java:62)
	at org.apache.maven.surefire.suite.AbstractDirectoryTestSuite.executeTestSet(AbstractDirectoryTestSuite.java:140)
	at org.apache.maven.surefire.suite.AbstractDirectoryTestSuite.execute(AbstractDirectoryTestSuite.java:127)
	at org.apache.maven.surefire.Surefire.run(Surefire.java:177)
	at sun.reflect.NativeMethodAccessorImpl.invoke0(Native Method)
	at sun.reflect.NativeMethodAccessorImpl.invoke(NativeMethodAccessorImpl.java:39)
	at sun.reflect.DelegatingMethodAccessorImpl.invoke(DelegatingMethodAccessorImpl.java:25)
	at java.lang.reflect.Method.invoke(Method.java:585)
	at org.apache.maven.surefire.booter.SurefireBooter.runSuitesInProcess(SurefireBooter.java:338)
	at org.apache.maven.surefire.booter.SurefireBooter.main(SurefireBooter.java:997)
2009-05-05 10:38:41,600 [main] INFO  org.quartz.core.QuartzScheduler - Scheduler SimpleQuartzScheduler_$_SIMPLE_NON_CLUSTERED shutting down.
2009-05-05 10:38:41,600 [main] INFO  org.quartz.core.QuartzScheduler - Scheduler SimpleQuartzScheduler_$_SIMPLE_NON_CLUSTERED paused.
2009-05-05 10:38:41,600 [main] INFO  org.quartz.core.QuartzScheduler - Scheduler SimpleQuartzScheduler_$_SIMPLE_NON_CLUSTERED shutdown complete.
2009-05-05 10:38:41,603 [main] INFO  org.quartz.core.SchedulerSignalerImpl - Initialized Scheduler Signaller of type: class org.quartz.core.SchedulerSignalerImpl
2009-05-05 10:38:41,603 [main] INFO  org.quartz.core.QuartzScheduler - Quartz Scheduler v.1.6.1-RC3 created.
2009-05-05 10:38:41,603 [main] INFO  org.quartz.simpl.RAMJobStore - RAMJobStore initialized.
2009-05-05 10:38:41,603 [main] INFO  org.quartz.impl.DirectSchedulerFactory - Quartz scheduler 'SimpleQuartzScheduler
2009-05-05 10:38:41,603 [main] INFO  org.quartz.impl.DirectSchedulerFactory - Quartz scheduler version: 1.6.1-RC3
2009-05-05 10:38:41,603 [main] INFO  org.quartz.core.QuartzScheduler - Scheduler SimpleQuartzScheduler_$_SIMPLE_NON_CLUSTERED started.
2009-05-05 10:38:41,606 [main] INFO  scheduler.SchedulerService - enabled=true
2009-05-05 10:38:41,606 [main] INFO  scheduler.SchedulerService - time isTue May 05 10:38:41 EST 2009
2009-05-05 10:38:41,606 [main] INFO  scheduler.SchedulerService - description=At 2:0 on the 4th, 1st of JAN,MAR
2009-05-05 10:38:41,606 [main] INFO  scheduler.SchedulerService - no beginjobat
2009-05-05 10:38:41,606 [main] INFO  scheduler.SchedulerService - scheduling the job
2009-05-05 10:38:41,606 [main] INFO  scheduler.SchedulerService - setting description: At 2:0 on the 4th, 1st of JAN,MAR
2009-05-05 10:38:41,606 [main] INFO  scheduler.SchedulerService - creating trigger: id=0 |group=1003 |cron=0 0 2 4,1 JAN,MAR ? *
2009-05-05 10:38:41,608 [main] INFO  scheduler.SchedulerService - Job with id=1003 and 1 crons scheduled successfully
2009-05-05 10:38:41,610 [main] INFO  scheduler.SchedulerService - scheduling a retry with cron=0 0 3 1 JAN ? * retry=null
2009-05-05 10:38:41,616 [main] INFO  scheduler.SchedulerService - scheduled successfully, triggername = retrynull current time is : Tue May 05 10:38:41 EST 2009 next fire time is: Fri Jan 01 03:00:00 EST 2010
2009-05-05 10:38:41,616 [main] INFO  scheduler.SchedulerService - trigger endtime=null final=null
2009-05-05 10:38:41,616 [main] INFO  scheduler.SchedulerService - trigger state =0 scheduler in standby=false is started=true
2009-05-05 10:38:41,617 [main] INFO  org.quartz.core.QuartzScheduler - Scheduler SimpleQuartzScheduler_$_SIMPLE_NON_CLUSTERED shutting down.
2009-05-05 10:38:41,617 [main] INFO  org.quartz.core.QuartzScheduler - Scheduler SimpleQuartzScheduler_$_SIMPLE_NON_CLUSTERED paused.
2009-05-05 10:38:41,617 [main] INFO  org.quartz.core.QuartzScheduler - Scheduler SimpleQuartzScheduler_$_SIMPLE_NON_CLUSTERED shutdown complete.
